#
# There is insufficient memory for the Java Runtime Environment to continue.
# Native memory allocation (malloc) failed to allocate 777616 bytes for Chunk::new
# Possible reasons:
#   The system is out of physical RAM or swap space
#   The process is running with CompressedOops enabled, and the Java Heap may be blocking the growth of the native heap
# Possible solutions:
#   Reduce memory load on the system
#   Increase physical memory or swap space
#   Check if swap backing store is full
#   Decrease Java heap size (-Xmx/-Xms)
#   Decrease number of Java threads
#   Decrease Java thread stack sizes (-Xss)
#   Set larger code cache with -XX:ReservedCodeCacheSize=
#   JVM is running with Unscaled Compressed Oops mode in which the Java heap is
#     placed in the first 4GB address space. The Java Heap base address is the
#     maximum limit for the native heap growth. Please use -XX:HeapBaseMinAddress
#     to set the Java Heap base and to place the Java Heap above 4GB virtual address.
# This output file may be truncated or incomplete.
#
#  Out of Memory Error (arena.cpp:168), pid=15736, tid=12584
#
# JRE version: Java(TM) SE Runtime Environment (21.0.2+13) (build 21.0.2+13-LTS-58)
# Java VM: Java HotSpot(TM) 64-Bit Server VM (21.0.2+13-LTS-58, mixed mode, sharing, tiered, compressed oops, compressed class ptrs, g1 gc, windows-amd64)
# No core dump will be written. Minidumps are not enabled by default on client versions of Windows
#

---------------  S U M M A R Y ------------

Command Line: org.LapTrinhTienTien.SpringBootRestApplication

Host: 11th Gen Intel(R) Core(TM) i5-1135G7 @ 2.40GHz, 8 cores, 7G,  Windows 11 , 64 bit Build 22621 (10.0.22621.3374)
Time: Tue May  7 19:38:45 2024 SE Asia Standard Time elapsed time: 0.540526 seconds (0d 0h 0m 0s)

---------------  T H R E A D  ---------------

Current thread (0x00000227eda54360):  JavaThread "C2 CompilerThread0" daemon [_thread_in_native, id=12584, stack(0x000000a0f7300000,0x000000a0f7400000) (1024K)]


Current CompileTask:
C2:    540 1333       4       org.springframework.boot.context.properties.source.ConfigurationPropertyName$ElementsParser::parse (234 bytes)

Stack: [0x000000a0f7300000,0x000000a0f7400000]
Native frames: (J=compiled Java code, j=interpreted, Vv=VM code, C=native code)
V  [jvm.dll+0x6cade9]
V  [jvm.dll+0x8569c1]
V  [jvm.dll+0x858d2e]
V  [jvm.dll+0x859413]
V  [jvm.dll+0x280e56]
V  [jvm.dll+0xc3f3d]
V  [jvm.dll+0xc4473]
V  [jvm.dll+0x3b5bf2]
V  [jvm.dll+0x382855]
V  [jvm.dll+0x381cca]
V  [jvm.dll+0x249bd0]
V  [jvm.dll+0x2491b1]
V  [jvm.dll+0x1c9634]
V  [jvm.dll+0x258859]
V  [jvm.dll+0x256e3a]
V  [jvm.dll+0x3ef6c6]
V  [jvm.dll+0x7ff568]
V  [jvm.dll+0x6c953d]
C  [ucrtbase.dll+0x29333]
C  [KERNEL32.DLL+0x1257d]
C  [ntdll.dll+0x5aa48]


---------------  P R O C E S S  ---------------

Threads class SMR info:
_java_thread_list=0x00000227edcf6570, length=11, elements={
0x00000227cf128d00, 0x00000227eda26ae0, 0x00000227eda28100, 0x00000227eda2ad80,
0x00000227eda2c1a0, 0x00000227eda4d7c0, 0x00000227eda4edf0, 0x00000227eda54360,
0x00000227eda555a0, 0x00000227edcebb60, 0x00000227edcf5d90
}

Java Threads: ( => current thread )
  0x00000227cf128d00 JavaThread "main"                              [_thread_in_vm, id=4192, stack(0x000000a0f6500000,0x000000a0f6600000) (1024K)]
  0x00000227eda26ae0 JavaThread "Reference Handler"          daemon [_thread_blocked, id=9580, stack(0x000000a0f6d00000,0x000000a0f6e00000) (1024K)]
  0x00000227eda28100 JavaThread "Finalizer"                  daemon [_thread_blocked, id=16624, stack(0x000000a0f6e00000,0x000000a0f6f00000) (1024K)]
  0x00000227eda2ad80 JavaThread "Signal Dispatcher"          daemon [_thread_blocked, id=16608, stack(0x000000a0f6f00000,0x000000a0f7000000) (1024K)]
  0x00000227eda2c1a0 JavaThread "Attach Listener"            daemon [_thread_blocked, id=12892, stack(0x000000a0f7000000,0x000000a0f7100000) (1024K)]
  0x00000227eda4d7c0 JavaThread "Service Thread"             daemon [_thread_blocked, id=16940, stack(0x000000a0f7100000,0x000000a0f7200000) (1024K)]
  0x00000227eda4edf0 JavaThread "Monitor Deflation Thread"   daemon [_thread_blocked, id=7276, stack(0x000000a0f7200000,0x000000a0f7300000) (1024K)]
=>0x00000227eda54360 JavaThread "C2 CompilerThread0"         daemon [_thread_in_native, id=12584, stack(0x000000a0f7300000,0x000000a0f7400000) (1024K)]
  0x00000227eda555a0 JavaThread "C1 CompilerThread0"         daemon [_thread_blocked, id=16604, stack(0x000000a0f7400000,0x000000a0f7500000) (1024K)]
  0x00000227edcebb60 JavaThread "Notification Thread"        daemon [_thread_blocked, id=16596, stack(0x000000a0f7500000,0x000000a0f7600000) (1024K)]
  0x00000227edcf5d90 JavaThread "Common-Cleaner"             daemon [_thread_blocked, id=16640, stack(0x000000a0f7600000,0x000000a0f7700000) (1024K)]
Total: 11

Other Threads:
  0x00000227eda072c0 VMThread "VM Thread"                           [id=1952, stack(0x000000a0f6c00000,0x000000a0f6d00000) (1024K)]
  0x00000227ed9f1d40 WatcherThread "VM Periodic Task Thread"        [id=17156, stack(0x000000a0f6b00000,0x000000a0f6c00000) (1024K)]
  0x00000227cf29a9a0 WorkerThread "GC Thread#0"                     [id=9884, stack(0x000000a0f6600000,0x000000a0f6700000) (1024K)]
  0x00000227f2bc8340 WorkerThread "GC Thread#1"                     [id=16572, stack(0x000000a0f7700000,0x000000a0f7800000) (1024K)]
  0x00000227f22bf2b0 WorkerThread "GC Thread#2"                     [id=8492, stack(0x000000a0f7800000,0x000000a0f7900000) (1024K)]
  0x00000227f22bf650 WorkerThread "GC Thread#3"                     [id=14916, stack(0x000000a0f7900000,0x000000a0f7a00000) (1024K)]
  0x00000227f22bf9f0 WorkerThread "GC Thread#4"                     [id=16584, stack(0x000000a0f7a00000,0x000000a0f7b00000) (1024K)]
  0x00000227f2b04a60 WorkerThread "GC Thread#5"                     [id=16636, stack(0x000000a0f7b00000,0x000000a0f7c00000) (1024K)]
  0x00000227cf2abf90 ConcurrentGCThread "G1 Main Marker"            [id=10840, stack(0x000000a0f6700000,0x000000a0f6800000) (1024K)]
  0x00000227cf2ad230 WorkerThread "G1 Conc#0"                       [id=15828, stack(0x000000a0f6800000,0x000000a0f6900000) (1024K)]
  0x00000227ed8c2160 ConcurrentGCThread "G1 Refine#0"               [id=12452, stack(0x000000a0f6900000,0x000000a0f6a00000) (1024K)]
  0x00000227ed8c2cd0 ConcurrentGCThread "G1 Service"                [id=11180, stack(0x000000a0f6a00000,0x000000a0f6b00000) (1024K)]
Total: 12

Threads with active compile tasks:
C2 CompilerThread0      561 1333       4       org.springframework.boot.context.properties.source.ConfigurationPropertyName$ElementsParser::parse (234 bytes)
Total: 1

VM state: not at safepoint (normal execution)

VM Mutex/Monitor currently owned by a thread: None

Heap address: 0x0000000084e00000, size: 1970 MB, Compressed Oops mode: 32-bit

CDS archive(s) mapped at: [0x0000022780000000-0x0000022780c90000-0x0000022780c90000), size 13172736, SharedBaseAddress: 0x0000022780000000, ArchiveRelocationMode: 1.
Compressed class space mapped at: 0x0000022781000000-0x00000227c1000000, reserved size: 1073741824
Narrow klass base: 0x0000022780000000, Narrow klass shift: 0, Narrow klass range: 0x100000000

GC Precious Log:
 CardTable entry size: 512
 Card Set container configuration: InlinePtr #cards 5 size 8 Array Of Cards #cards 12 size 40 Howl #buckets 4 coarsen threshold 1843 Howl Bitmap #cards 512 size 80 coarsen threshold 460 Card regions per heap region 1 cards per card region 2048
 CPUs: 8 total, 8 available
 Memory: 7874M
 Large Page Support: Disabled
 NUMA Support: Disabled
 Compressed Oops: Enabled (32-bit)
 Heap Region Size: 1M
 Heap Min Capacity: 8M
 Heap Initial Capacity: 124M
 Heap Max Capacity: 1970M
 Pre-touch: Disabled
 Parallel Workers: 8
 Concurrent Workers: 2
 Concurrent Refinement Workers: 8
 Periodic GC: Disabled

Heap:
 garbage-first heap   total 126976K, used 10237K [0x0000000084e00000, 0x0000000100000000)
  region size 1024K, 7 young (7168K), 3 survivors (3072K)
 Metaspace       used 7858K, committed 8128K, reserved 1114112K
  class space    used 954K, committed 1088K, reserved 1048576K

Heap Regions: E=young(eden), S=young(survivor), O=old, HS=humongous(starts), HC=humongous(continues), CS=collection set, F=free, TAMS=top-at-mark-start, PB=parsable bottom
|   0|0x0000000084e00000, 0x0000000084f00000, 0x0000000084f00000|100%|HS|  |TAMS 0x0000000084e00000| PB 0x0000000084e00000| Complete 
|   1|0x0000000084f00000, 0x0000000085000000, 0x0000000085000000|100%| O|  |TAMS 0x0000000084f00000| PB 0x0000000084f00000| Untracked 
|   2|0x0000000085000000, 0x0000000085100000, 0x0000000085100000|100%| O|  |TAMS 0x0000000085000000| PB 0x0000000085000000| Untracked 
|   3|0x0000000085100000, 0x00000000851ff4c8, 0x0000000085200000| 99%| O|  |TAMS 0x0000000085100000| PB 0x0000000085100000| Untracked 
|   4|0x0000000085200000, 0x0000000085200000, 0x0000000085300000|  0%| F|  |TAMS 0x0000000085200000| PB 0x0000000085200000| Untracked 
|   5|0x0000000085300000, 0x0000000085300000, 0x0000000085400000|  0%| F|  |TAMS 0x0000000085300000| PB 0x0000000085300000| Untracked 
|   6|0x0000000085400000, 0x0000000085400000, 0x0000000085500000|  0%| F|  |TAMS 0x0000000085400000| PB 0x0000000085400000| Untracked 
|   7|0x0000000085500000, 0x0000000085500000, 0x0000000085600000|  0%| F|  |TAMS 0x0000000085500000| PB 0x0000000085500000| Untracked 
|   8|0x0000000085600000, 0x0000000085600000, 0x0000000085700000|  0%| F|  |TAMS 0x0000000085600000| PB 0x0000000085600000| Untracked 
|   9|0x0000000085700000, 0x0000000085700000, 0x0000000085800000|  0%| F|  |TAMS 0x0000000085700000| PB 0x0000000085700000| Untracked 
|  10|0x0000000085800000, 0x0000000085800000, 0x0000000085900000|  0%| F|  |TAMS 0x0000000085800000| PB 0x0000000085800000| Untracked 
|  11|0x0000000085900000, 0x0000000085900000, 0x0000000085a00000|  0%| F|  |TAMS 0x0000000085900000| PB 0x0000000085900000| Untracked 
|  12|0x0000000085a00000, 0x0000000085a00000, 0x0000000085b00000|  0%| F|  |TAMS 0x0000000085a00000| PB 0x0000000085a00000| Untracked 
|  13|0x0000000085b00000, 0x0000000085b00000, 0x0000000085c00000|  0%| F|  |TAMS 0x0000000085b00000| PB 0x0000000085b00000| Untracked 
|  14|0x0000000085c00000, 0x0000000085c00000, 0x0000000085d00000|  0%| F|  |TAMS 0x0000000085c00000| PB 0x0000000085c00000| Untracked 
|  15|0x0000000085d00000, 0x0000000085d00000, 0x0000000085e00000|  0%| F|  |TAMS 0x0000000085d00000| PB 0x0000000085d00000| Untracked 
|  16|0x0000000085e00000, 0x0000000085e00000, 0x0000000085f00000|  0%| F|  |TAMS 0x0000000085e00000| PB 0x0000000085e00000| Untracked 
|  17|0x0000000085f00000, 0x0000000085f00000, 0x0000000086000000|  0%| F|  |TAMS 0x0000000085f00000| PB 0x0000000085f00000| Untracked 
|  18|0x0000000086000000, 0x0000000086000000, 0x0000000086100000|  0%| F|  |TAMS 0x0000000086000000| PB 0x0000000086000000| Untracked 
|  19|0x0000000086100000, 0x0000000086100000, 0x0000000086200000|  0%| F|  |TAMS 0x0000000086100000| PB 0x0000000086100000| Untracked 
|  20|0x0000000086200000, 0x0000000086200000, 0x0000000086300000|  0%| F|  |TAMS 0x0000000086200000| PB 0x0000000086200000| Untracked 
|  21|0x0000000086300000, 0x0000000086300000, 0x0000000086400000|  0%| F|  |TAMS 0x0000000086300000| PB 0x0000000086300000| Untracked 
|  22|0x0000000086400000, 0x0000000086400000, 0x0000000086500000|  0%| F|  |TAMS 0x0000000086400000| PB 0x0000000086400000| Untracked 
|  23|0x0000000086500000, 0x0000000086500000, 0x0000000086600000|  0%| F|  |TAMS 0x0000000086500000| PB 0x0000000086500000| Untracked 
|  24|0x0000000086600000, 0x0000000086600000, 0x0000000086700000|  0%| F|  |TAMS 0x0000000086600000| PB 0x0000000086600000| Untracked 
|  25|0x0000000086700000, 0x0000000086700000, 0x0000000086800000|  0%| F|  |TAMS 0x0000000086700000| PB 0x0000000086700000| Untracked 
|  26|0x0000000086800000, 0x0000000086800000, 0x0000000086900000|  0%| F|  |TAMS 0x0000000086800000| PB 0x0000000086800000| Untracked 
|  27|0x0000000086900000, 0x0000000086900000, 0x0000000086a00000|  0%| F|  |TAMS 0x0000000086900000| PB 0x0000000086900000| Untracked 
|  28|0x0000000086a00000, 0x0000000086a00000, 0x0000000086b00000|  0%| F|  |TAMS 0x0000000086a00000| PB 0x0000000086a00000| Untracked 
|  29|0x0000000086b00000, 0x0000000086b00000, 0x0000000086c00000|  0%| F|  |TAMS 0x0000000086b00000| PB 0x0000000086b00000| Untracked 
|  30|0x0000000086c00000, 0x0000000086c00000, 0x0000000086d00000|  0%| F|  |TAMS 0x0000000086c00000| PB 0x0000000086c00000| Untracked 
|  31|0x0000000086d00000, 0x0000000086d00000, 0x0000000086e00000|  0%| F|  |TAMS 0x0000000086d00000| PB 0x0000000086d00000| Untracked 
|  32|0x0000000086e00000, 0x0000000086e00000, 0x0000000086f00000|  0%| F|  |TAMS 0x0000000086e00000| PB 0x0000000086e00000| Untracked 
|  33|0x0000000086f00000, 0x0000000086f00000, 0x0000000087000000|  0%| F|  |TAMS 0x0000000086f00000| PB 0x0000000086f00000| Untracked 
|  34|0x0000000087000000, 0x0000000087000000, 0x0000000087100000|  0%| F|  |TAMS 0x0000000087000000| PB 0x0000000087000000| Untracked 
|  35|0x0000000087100000, 0x0000000087100000, 0x0000000087200000|  0%| F|  |TAMS 0x0000000087100000| PB 0x0000000087100000| Untracked 
|  36|0x0000000087200000, 0x0000000087200000, 0x0000000087300000|  0%| F|  |TAMS 0x0000000087200000| PB 0x0000000087200000| Untracked 
|  37|0x0000000087300000, 0x0000000087300000, 0x0000000087400000|  0%| F|  |TAMS 0x0000000087300000| PB 0x0000000087300000| Untracked 
|  38|0x0000000087400000, 0x0000000087400000, 0x0000000087500000|  0%| F|  |TAMS 0x0000000087400000| PB 0x0000000087400000| Untracked 
|  39|0x0000000087500000, 0x0000000087500000, 0x0000000087600000|  0%| F|  |TAMS 0x0000000087500000| PB 0x0000000087500000| Untracked 
|  40|0x0000000087600000, 0x0000000087600000, 0x0000000087700000|  0%| F|  |TAMS 0x0000000087600000| PB 0x0000000087600000| Untracked 
|  41|0x0000000087700000, 0x0000000087700000, 0x0000000087800000|  0%| F|  |TAMS 0x0000000087700000| PB 0x0000000087700000| Untracked 
|  42|0x0000000087800000, 0x0000000087800000, 0x0000000087900000|  0%| F|  |TAMS 0x0000000087800000| PB 0x0000000087800000| Untracked 
|  43|0x0000000087900000, 0x0000000087900000, 0x0000000087a00000|  0%| F|  |TAMS 0x0000000087900000| PB 0x0000000087900000| Untracked 
|  44|0x0000000087a00000, 0x0000000087a00000, 0x0000000087b00000|  0%| F|  |TAMS 0x0000000087a00000| PB 0x0000000087a00000| Untracked 
|  45|0x0000000087b00000, 0x0000000087b00000, 0x0000000087c00000|  0%| F|  |TAMS 0x0000000087b00000| PB 0x0000000087b00000| Untracked 
|  46|0x0000000087c00000, 0x0000000087c00000, 0x0000000087d00000|  0%| F|  |TAMS 0x0000000087c00000| PB 0x0000000087c00000| Untracked 
|  47|0x0000000087d00000, 0x0000000087d00000, 0x0000000087e00000|  0%| F|  |TAMS 0x0000000087d00000| PB 0x0000000087d00000| Untracked 
|  48|0x0000000087e00000, 0x0000000087e00000, 0x0000000087f00000|  0%| F|  |TAMS 0x0000000087e00000| PB 0x0000000087e00000| Untracked 
|  49|0x0000000087f00000, 0x0000000087f00000, 0x0000000088000000|  0%| F|  |TAMS 0x0000000087f00000| PB 0x0000000087f00000| Untracked 
|  50|0x0000000088000000, 0x0000000088000000, 0x0000000088100000|  0%| F|  |TAMS 0x0000000088000000| PB 0x0000000088000000| Untracked 
|  51|0x0000000088100000, 0x0000000088100000, 0x0000000088200000|  0%| F|  |TAMS 0x0000000088100000| PB 0x0000000088100000| Untracked 
|  52|0x0000000088200000, 0x0000000088200000, 0x0000000088300000|  0%| F|  |TAMS 0x0000000088200000| PB 0x0000000088200000| Untracked 
|  53|0x0000000088300000, 0x0000000088300000, 0x0000000088400000|  0%| F|  |TAMS 0x0000000088300000| PB 0x0000000088300000| Untracked 
|  54|0x0000000088400000, 0x0000000088400000, 0x0000000088500000|  0%| F|  |TAMS 0x0000000088400000| PB 0x0000000088400000| Untracked 
|  55|0x0000000088500000, 0x0000000088500000, 0x0000000088600000|  0%| F|  |TAMS 0x0000000088500000| PB 0x0000000088500000| Untracked 
|  56|0x0000000088600000, 0x0000000088600000, 0x0000000088700000|  0%| F|  |TAMS 0x0000000088600000| PB 0x0000000088600000| Untracked 
|  57|0x0000000088700000, 0x0000000088700000, 0x0000000088800000|  0%| F|  |TAMS 0x0000000088700000| PB 0x0000000088700000| Untracked 
|  58|0x0000000088800000, 0x0000000088800000, 0x0000000088900000|  0%| F|  |TAMS 0x0000000088800000| PB 0x0000000088800000| Untracked 
|  59|0x0000000088900000, 0x0000000088900000, 0x0000000088a00000|  0%| F|  |TAMS 0x0000000088900000| PB 0x0000000088900000| Untracked 
|  60|0x0000000088a00000, 0x0000000088a00000, 0x0000000088b00000|  0%| F|  |TAMS 0x0000000088a00000| PB 0x0000000088a00000| Untracked 
|  61|0x0000000088b00000, 0x0000000088b00000, 0x0000000088c00000|  0%| F|  |TAMS 0x0000000088b00000| PB 0x0000000088b00000| Untracked 
|  62|0x0000000088c00000, 0x0000000088c00000, 0x0000000088d00000|  0%| F|  |TAMS 0x0000000088c00000| PB 0x0000000088c00000| Untracked 
|  63|0x0000000088d00000, 0x0000000088d00000, 0x0000000088e00000|  0%| F|  |TAMS 0x0000000088d00000| PB 0x0000000088d00000| Untracked 
|  64|0x0000000088e00000, 0x0000000088e00000, 0x0000000088f00000|  0%| F|  |TAMS 0x0000000088e00000| PB 0x0000000088e00000| Untracked 
|  65|0x0000000088f00000, 0x0000000088f00000, 0x0000000089000000|  0%| F|  |TAMS 0x0000000088f00000| PB 0x0000000088f00000| Untracked 
|  66|0x0000000089000000, 0x0000000089000000, 0x0000000089100000|  0%| F|  |TAMS 0x0000000089000000| PB 0x0000000089000000| Untracked 
|  67|0x0000000089100000, 0x0000000089100000, 0x0000000089200000|  0%| F|  |TAMS 0x0000000089100000| PB 0x0000000089100000| Untracked 
|  68|0x0000000089200000, 0x0000000089200000, 0x0000000089300000|  0%| F|  |TAMS 0x0000000089200000| PB 0x0000000089200000| Untracked 
|  69|0x0000000089300000, 0x0000000089300000, 0x0000000089400000|  0%| F|  |TAMS 0x0000000089300000| PB 0x0000000089300000| Untracked 
|  70|0x0000000089400000, 0x0000000089400000, 0x0000000089500000|  0%| F|  |TAMS 0x0000000089400000| PB 0x0000000089400000| Untracked 
|  71|0x0000000089500000, 0x0000000089500000, 0x0000000089600000|  0%| F|  |TAMS 0x0000000089500000| PB 0x0000000089500000| Untracked 
|  72|0x0000000089600000, 0x0000000089600000, 0x0000000089700000|  0%| F|  |TAMS 0x0000000089600000| PB 0x0000000089600000| Untracked 
|  73|0x0000000089700000, 0x0000000089700000, 0x0000000089800000|  0%| F|  |TAMS 0x0000000089700000| PB 0x0000000089700000| Untracked 
|  74|0x0000000089800000, 0x0000000089800000, 0x0000000089900000|  0%| F|  |TAMS 0x0000000089800000| PB 0x0000000089800000| Untracked 
|  75|0x0000000089900000, 0x0000000089900000, 0x0000000089a00000|  0%| F|  |TAMS 0x0000000089900000| PB 0x0000000089900000| Untracked 
|  76|0x0000000089a00000, 0x0000000089a00000, 0x0000000089b00000|  0%| F|  |TAMS 0x0000000089a00000| PB 0x0000000089a00000| Untracked 
|  77|0x0000000089b00000, 0x0000000089b00000, 0x0000000089c00000|  0%| F|  |TAMS 0x0000000089b00000| PB 0x0000000089b00000| Untracked 
|  78|0x0000000089c00000, 0x0000000089c00000, 0x0000000089d00000|  0%| F|  |TAMS 0x0000000089c00000| PB 0x0000000089c00000| Untracked 
|  79|0x0000000089d00000, 0x0000000089d00000, 0x0000000089e00000|  0%| F|  |TAMS 0x0000000089d00000| PB 0x0000000089d00000| Untracked 
|  80|0x0000000089e00000, 0x0000000089e00000, 0x0000000089f00000|  0%| F|  |TAMS 0x0000000089e00000| PB 0x0000000089e00000| Untracked 
|  81|0x0000000089f00000, 0x0000000089f00000, 0x000000008a000000|  0%| F|  |TAMS 0x0000000089f00000| PB 0x0000000089f00000| Untracked 
|  82|0x000000008a000000, 0x000000008a000000, 0x000000008a100000|  0%| F|  |TAMS 0x000000008a000000| PB 0x000000008a000000| Untracked 
|  83|0x000000008a100000, 0x000000008a100000, 0x000000008a200000|  0%| F|  |TAMS 0x000000008a100000| PB 0x000000008a100000| Untracked 
|  84|0x000000008a200000, 0x000000008a200000, 0x000000008a300000|  0%| F|  |TAMS 0x000000008a200000| PB 0x000000008a200000| Untracked 
|  85|0x000000008a300000, 0x000000008a300000, 0x000000008a400000|  0%| F|  |TAMS 0x000000008a300000| PB 0x000000008a300000| Untracked 
|  86|0x000000008a400000, 0x000000008a400000, 0x000000008a500000|  0%| F|  |TAMS 0x000000008a400000| PB 0x000000008a400000| Untracked 
|  87|0x000000008a500000, 0x000000008a500000, 0x000000008a600000|  0%| F|  |TAMS 0x000000008a500000| PB 0x000000008a500000| Untracked 
|  88|0x000000008a600000, 0x000000008a600000, 0x000000008a700000|  0%| F|  |TAMS 0x000000008a600000| PB 0x000000008a600000| Untracked 
|  89|0x000000008a700000, 0x000000008a700000, 0x000000008a800000|  0%| F|  |TAMS 0x000000008a700000| PB 0x000000008a700000| Untracked 
|  90|0x000000008a800000, 0x000000008a800000, 0x000000008a900000|  0%| F|  |TAMS 0x000000008a800000| PB 0x000000008a800000| Untracked 
|  91|0x000000008a900000, 0x000000008a900000, 0x000000008aa00000|  0%| F|  |TAMS 0x000000008a900000| PB 0x000000008a900000| Untracked 
|  92|0x000000008aa00000, 0x000000008aa00000, 0x000000008ab00000|  0%| F|  |TAMS 0x000000008aa00000| PB 0x000000008aa00000| Untracked 
|  93|0x000000008ab00000, 0x000000008ab00000, 0x000000008ac00000|  0%| F|  |TAMS 0x000000008ab00000| PB 0x000000008ab00000| Untracked 
|  94|0x000000008ac00000, 0x000000008ac00000, 0x000000008ad00000|  0%| F|  |TAMS 0x000000008ac00000| PB 0x000000008ac00000| Untracked 
|  95|0x000000008ad00000, 0x000000008ad00000, 0x000000008ae00000|  0%| F|  |TAMS 0x000000008ad00000| PB 0x000000008ad00000| Untracked 
|  96|0x000000008ae00000, 0x000000008ae00000, 0x000000008af00000|  0%| F|  |TAMS 0x000000008ae00000| PB 0x000000008ae00000| Untracked 
|  97|0x000000008af00000, 0x000000008af00000, 0x000000008b000000|  0%| F|  |TAMS 0x000000008af00000| PB 0x000000008af00000| Untracked 
|  98|0x000000008b000000, 0x000000008b100000, 0x000000008b100000|100%| S|CS|TAMS 0x000000008b000000| PB 0x000000008b000000| Complete 
|  99|0x000000008b100000, 0x000000008b200000, 0x000000008b200000|100%| S|CS|TAMS 0x000000008b100000| PB 0x000000008b100000| Complete 
| 100|0x000000008b200000, 0x000000008b300000, 0x000000008b300000|100%| S|CS|TAMS 0x000000008b200000| PB 0x000000008b200000| Complete 
| 101|0x000000008b300000, 0x000000008b300000, 0x000000008b400000|  0%| F|  |TAMS 0x000000008b300000| PB 0x000000008b300000| Untracked 
| 102|0x000000008b400000, 0x000000008b400000, 0x000000008b500000|  0%| F|  |TAMS 0x000000008b400000| PB 0x000000008b400000| Untracked 
| 103|0x000000008b500000, 0x000000008b500000, 0x000000008b600000|  0%| F|  |TAMS 0x000000008b500000| PB 0x000000008b500000| Untracked 
| 104|0x000000008b600000, 0x000000008b600000, 0x000000008b700000|  0%| F|  |TAMS 0x000000008b600000| PB 0x000000008b600000| Untracked 
| 105|0x000000008b700000, 0x000000008b700000, 0x000000008b800000|  0%| F|  |TAMS 0x000000008b700000| PB 0x000000008b700000| Untracked 
| 106|0x000000008b800000, 0x000000008b800000, 0x000000008b900000|  0%| F|  |TAMS 0x000000008b800000| PB 0x000000008b800000| Untracked 
| 107|0x000000008b900000, 0x000000008b900000, 0x000000008ba00000|  0%| F|  |TAMS 0x000000008b900000| PB 0x000000008b900000| Untracked 
| 108|0x000000008ba00000, 0x000000008ba00000, 0x000000008bb00000|  0%| F|  |TAMS 0x000000008ba00000| PB 0x000000008ba00000| Untracked 
| 109|0x000000008bb00000, 0x000000008bb00000, 0x000000008bc00000|  0%| F|  |TAMS 0x000000008bb00000| PB 0x000000008bb00000| Untracked 
| 110|0x000000008bc00000, 0x000000008bc00000, 0x000000008bd00000|  0%| F|  |TAMS 0x000000008bc00000| PB 0x000000008bc00000| Untracked 
| 111|0x000000008bd00000, 0x000000008bd00000, 0x000000008be00000|  0%| F|  |TAMS 0x000000008bd00000| PB 0x000000008bd00000| Untracked 
| 112|0x000000008be00000, 0x000000008be00000, 0x000000008bf00000|  0%| F|  |TAMS 0x000000008be00000| PB 0x000000008be00000| Untracked 
| 113|0x000000008bf00000, 0x000000008bf00000, 0x000000008c000000|  0%| F|  |TAMS 0x000000008bf00000| PB 0x000000008bf00000| Untracked 
| 114|0x000000008c000000, 0x000000008c000000, 0x000000008c100000|  0%| F|  |TAMS 0x000000008c000000| PB 0x000000008c000000| Untracked 
| 115|0x000000008c100000, 0x000000008c100000, 0x000000008c200000|  0%| F|  |TAMS 0x000000008c100000| PB 0x000000008c100000| Untracked 
| 116|0x000000008c200000, 0x000000008c200000, 0x000000008c300000|  0%| F|  |TAMS 0x000000008c200000| PB 0x000000008c200000| Untracked 
| 117|0x000000008c300000, 0x000000008c300000, 0x000000008c400000|  0%| F|  |TAMS 0x000000008c300000| PB 0x000000008c300000| Untracked 
| 118|0x000000008c400000, 0x000000008c400000, 0x000000008c500000|  0%| F|  |TAMS 0x000000008c400000| PB 0x000000008c400000| Untracked 
| 119|0x000000008c500000, 0x000000008c500000, 0x000000008c600000|  0%| F|  |TAMS 0x000000008c500000| PB 0x000000008c500000| Untracked 
| 120|0x000000008c600000, 0x000000008c6cafe8, 0x000000008c700000| 79%| E|  |TAMS 0x000000008c600000| PB 0x000000008c600000| Complete 
| 121|0x000000008c700000, 0x000000008c800000, 0x000000008c800000|100%| E|CS|TAMS 0x000000008c700000| PB 0x000000008c700000| Complete 
| 122|0x000000008c800000, 0x000000008c900000, 0x000000008c900000|100%| E|CS|TAMS 0x000000008c800000| PB 0x000000008c800000| Complete 
| 123|0x000000008c900000, 0x000000008ca00000, 0x000000008ca00000|100%| E|CS|TAMS 0x000000008c900000| PB 0x000000008c900000| Complete 

Card table byte_map: [0x00000227e8cd0000,0x00000227e90b0000] _byte_map_base: 0x00000227e88a9000

Marking Bits: (CMBitMap*) 0x00000227cf29b8b0
 Bits: [0x00000227e90b0000, 0x00000227eaf78000)

Polling page: 0x00000227d8e50000

Metaspace:

Usage:
  Non-class:      6.77 MB used.
      Class:    968.80 KB used.
       Both:      7.71 MB used.

Virtual space:
  Non-class space:       64.00 MB reserved,       6.94 MB ( 11%) committed,  1 nodes.
      Class space:        1.00 GB reserved,       1.06 MB ( <1%) committed,  1 nodes.
             Both:        1.06 GB reserved,       8.00 MB ( <1%) committed. 

Chunk freelists:
   Non-Class:  8.23 MB
       Class:  14.78 MB
        Both:  23.02 MB

MaxMetaspaceSize: unlimited
CompressedClassSpaceSize: 1.00 GB
Initial GC threshold: 21.00 MB
Current GC threshold: 21.00 MB
CDS: on
 - commit_granule_bytes: 65536.
 - commit_granule_words: 8192.
 - virtual_space_node_default_size: 8388608.
 - enlarge_chunks_in_place: 1.
 - use_allocation_guard: 0.


Internal statistics:

num_allocs_failed_limit: 0.
num_arena_births: 222.
num_arena_deaths: 0.
num_vsnodes_births: 2.
num_vsnodes_deaths: 0.
num_space_committed: 128.
num_space_uncommitted: 0.
num_chunks_returned_to_freelist: 0.
num_chunks_taken_from_freelist: 511.
num_chunk_merges: 0.
num_chunk_splits: 286.
num_chunks_enlarged: 159.
num_inconsistent_stats: 0.

CodeHeap 'non-profiled nmethods': size=120000Kb used=479Kb max_used=479Kb free=119520Kb
 bounds [0x00000227e0940000, 0x00000227e0bb0000, 0x00000227e7e70000]
CodeHeap 'profiled nmethods': size=120000Kb used=2583Kb max_used=2583Kb free=117416Kb
 bounds [0x00000227d8e70000, 0x00000227d9100000, 0x00000227e03a0000]
CodeHeap 'non-nmethods': size=5760Kb used=1508Kb max_used=1518Kb free=4251Kb
 bounds [0x00000227e03a0000, 0x00000227e0610000, 0x00000227e0940000]
 total_blobs=1915 nmethods=1441 adapters=379
 compilation: enabled
              stopped_count=0, restarted_count=0
 full_count=0

Compilation events (20 events):
Event: 0.532 Thread 0x00000227eda555a0 1392       3       sun.invoke.util.VerifyAccess::getClassModifiers (24 bytes)
Event: 0.532 Thread 0x00000227eda555a0 nmethod 1392 0x00000227d90dca10 code [0x00000227d90dcbe0, 0x00000227d90dce28]
Event: 0.533 Thread 0x00000227eda555a0 1393       3       java.lang.invoke.DirectMethodHandle::make (21 bytes)
Event: 0.533 Thread 0x00000227eda555a0 nmethod 1393 0x00000227d90dcf10 code [0x00000227d90dd0e0, 0x00000227d90dd3d0]
Event: 0.534 Thread 0x00000227eda555a0 1394       3       java.util.ArrayList::isEmpty (13 bytes)
Event: 0.535 Thread 0x00000227eda555a0 nmethod 1394 0x00000227d90dd510 code [0x00000227d90dd6a0, 0x00000227d90dd808]
Event: 0.535 Thread 0x00000227eda555a0 1395       3       java.lang.invoke.LambdaFormEditor$Transform::equals (32 bytes)
Event: 0.535 Thread 0x00000227eda555a0 nmethod 1395 0x00000227d90dd890 code [0x00000227d90dda40, 0x00000227d90ddc18]
Event: 0.535 Thread 0x00000227eda555a0 1396       3       java.util.jar.Attributes$Name::<init> (22 bytes)
Event: 0.535 Thread 0x00000227eda555a0 nmethod 1396 0x00000227d90ddd10 code [0x00000227d90ddee0, 0x00000227d90de138]
Event: 0.537 Thread 0x00000227eda555a0 1397       3       java.util.ArrayDeque::peek (5 bytes)
Event: 0.537 Thread 0x00000227eda555a0 nmethod 1397 0x00000227d90de290 code [0x00000227d90de440, 0x00000227d90de648]
Event: 0.537 Thread 0x00000227eda555a0 1399       3       org.springframework.util.ConcurrentReferenceHashMap$Segment::findInChain (66 bytes)
Event: 0.538 Thread 0x00000227eda555a0 nmethod 1399 0x00000227d90de790 code [0x00000227d90de980, 0x00000227d90deef8]
Event: 0.538 Thread 0x00000227eda555a0 1401       3       java.lang.ProcessEnvironment::nonNullString (17 bytes)
Event: 0.538 Thread 0x00000227eda555a0 nmethod 1401 0x00000227d90df110 code [0x00000227d90df2c0, 0x00000227d90df5a0]
Event: 0.538 Thread 0x00000227eda555a0 1400       3       java.util.concurrent.CopyOnWriteArrayList::size (6 bytes)
Event: 0.538 Thread 0x00000227eda555a0 nmethod 1400 0x00000227d90df690 code [0x00000227d90df820, 0x00000227d90df948]
Event: 0.538 Thread 0x00000227eda555a0 1398       3       java.util.ArrayDeque::peekFirst (12 bytes)
Event: 0.538 Thread 0x00000227eda555a0 nmethod 1398 0x00000227d90dfa10 code [0x00000227d90dfbc0, 0x00000227d90dfd50]

GC Heap History (2 events):
Event: 0.504 GC heap before
{Heap before GC invocations=0 (full 0):
 garbage-first heap   total 126976K, used 23552K [0x0000000084e00000, 0x0000000100000000)
  region size 1024K, 23 young (23552K), 0 survivors (0K)
 Metaspace       used 7086K, committed 7360K, reserved 1114112K
  class space    used 849K, committed 960K, reserved 1048576K
}
Event: 0.509 GC heap after
{Heap after GC invocations=1 (full 0):
 garbage-first heap   total 126976K, used 7165K [0x0000000084e00000, 0x0000000100000000)
  region size 1024K, 3 young (3072K), 3 survivors (3072K)
 Metaspace       used 7086K, committed 7360K, reserved 1114112K
  class space    used 849K, committed 960K, reserved 1048576K
}

Dll operation events (6 events):
Event: 0.005 Loaded shared library C:\Program Files\Java\jdk-21\bin\java.dll
Event: 0.030 Loaded shared library C:\Program Files\Java\jdk-21\bin\jsvml.dll
Event: 0.062 Loaded shared library C:\Program Files\Java\jdk-21\bin\net.dll
Event: 0.063 Loaded shared library C:\Program Files\Java\jdk-21\bin\nio.dll
Event: 0.066 Loaded shared library C:\Program Files\Java\jdk-21\bin\zip.dll
Event: 0.137 Loaded shared library C:\Program Files\Java\jdk-21\bin\jimage.dll

Deoptimization events (20 events):
Event: 0.204 Thread 0x00000227cf128d00 DEOPT PACKING pc=0x00000227e0966244 sp=0x000000a0f65fddd0
Event: 0.204 Thread 0x00000227cf128d00 DEOPT UNPACKING pc=0x00000227e03f7da2 sp=0x000000a0f65fdd30 mode 2
Event: 0.337 Thread 0x00000227cf128d00 DEOPT PACKING pc=0x00000227d8ea0349 sp=0x000000a0f65f83d0
Event: 0.337 Thread 0x00000227cf128d00 DEOPT UNPACKING pc=0x00000227e03f88e2 sp=0x000000a0f65f7848 mode 0
Event: 0.490 Thread 0x00000227cf128d00 Uncommon trap: trap_request=0xffffff45 fr.pc=0x00000227e098ece0 relative=0x0000000000000220
Event: 0.490 Thread 0x00000227cf128d00 Uncommon trap: reason=unstable_if action=reinterpret pc=0x00000227e098ece0 method=java.lang.String.startsWith(Ljava/lang/String;I)Z @ 1 c2
Event: 0.490 Thread 0x00000227cf128d00 DEOPT PACKING pc=0x00000227e098ece0 sp=0x000000a0f65fe2c0
Event: 0.490 Thread 0x00000227cf128d00 DEOPT UNPACKING pc=0x00000227e03f7da2 sp=0x000000a0f65fe250 mode 2
Event: 0.495 Thread 0x00000227cf128d00 Uncommon trap: trap_request=0xffffffc6 fr.pc=0x00000227e0998ef8 relative=0x0000000000000318
Event: 0.495 Thread 0x00000227cf128d00 Uncommon trap: reason=bimorphic_or_optimized_type_check action=maybe_recompile pc=0x00000227e0998ef8 method=java.util.concurrent.ConcurrentHashMap.get(Ljava/lang/Object;)Ljava/lang/Object; @ 149 c2
Event: 0.495 Thread 0x00000227cf128d00 DEOPT PACKING pc=0x00000227e0998ef8 sp=0x000000a0f65fcab0
Event: 0.495 Thread 0x00000227cf128d00 DEOPT UNPACKING pc=0x00000227e03f7da2 sp=0x000000a0f65fca20 mode 2
Event: 0.496 Thread 0x00000227cf128d00 Uncommon trap: trap_request=0xffffffc6 fr.pc=0x00000227e0998ef8 relative=0x0000000000000318
Event: 0.496 Thread 0x00000227cf128d00 Uncommon trap: reason=bimorphic_or_optimized_type_check action=maybe_recompile pc=0x00000227e0998ef8 method=java.util.concurrent.ConcurrentHashMap.get(Ljava/lang/Object;)Ljava/lang/Object; @ 149 c2
Event: 0.496 Thread 0x00000227cf128d00 DEOPT PACKING pc=0x00000227e0998ef8 sp=0x000000a0f65fc9e0
Event: 0.496 Thread 0x00000227cf128d00 DEOPT UNPACKING pc=0x00000227e03f7da2 sp=0x000000a0f65fc950 mode 2
Event: 0.510 Thread 0x00000227eda26ae0 Uncommon trap: trap_request=0xffffff45 fr.pc=0x00000227e095e360 relative=0x0000000000000040
Event: 0.510 Thread 0x00000227eda26ae0 Uncommon trap: reason=unstable_if action=reinterpret pc=0x00000227e095e360 method=java.util.concurrent.locks.AbstractQueuedSynchronizer.signalNext(Ljava/util/concurrent/locks/AbstractQueuedSynchronizer$Node;)V @ 1 c2
Event: 0.510 Thread 0x00000227eda26ae0 DEOPT PACKING pc=0x00000227e095e360 sp=0x000000a0f6dff1d0
Event: 0.510 Thread 0x00000227eda26ae0 DEOPT UNPACKING pc=0x00000227e03f7da2 sp=0x000000a0f6dff160 mode 2

Classes loaded (20 events):
Event: 0.488 Loading class sun/nio/cs/ISO_8859_1$Decoder
Event: 0.488 Loading class sun/nio/cs/ISO_8859_1$Decoder done
Event: 0.493 Loading class java/util/stream/MatchOps$1MatchSink
Event: 0.494 Loading class java/util/stream/MatchOps$1MatchSink done
Event: 0.495 Loading class java/lang/reflect/Executable$ParameterData
Event: 0.495 Loading class java/lang/reflect/Executable$ParameterData done
Event: 0.498 Loading class sun/reflect/generics/scope/ConstructorScope
Event: 0.498 Loading class sun/reflect/generics/scope/ConstructorScope done
Event: 0.498 Loading class sun/reflect/generics/repository/ConstructorRepository
Event: 0.498 Loading class sun/reflect/generics/repository/ConstructorRepository done
Event: 0.498 Loading class sun/reflect/generics/tree/VoidDescriptor
Event: 0.498 Loading class sun/reflect/generics/tree/VoidDescriptor done
Event: 0.498 Loading class sun/reflect/generics/tree/MethodTypeSignature
Event: 0.498 Loading class sun/reflect/generics/tree/MethodTypeSignature done
Event: 0.538 Loading class java/nio/file/attribute/PosixFilePermission
Event: 0.538 Loading class java/nio/file/attribute/PosixFilePermission done
Event: 0.538 Loading class java/lang/ProcessHandle
Event: 0.538 Loading class java/lang/ProcessHandle done
Event: 0.538 Loading class java/lang/ProcessHandleImpl
Event: 0.538 Loading class java/lang/ProcessHandleImpl done

Classes unloaded (0 events):
No events

Classes redefined (0 events):
No events

Internal exceptions (20 events):
Event: 0.358 Thread 0x00000227cf128d00 Exception <a 'java/lang/IncompatibleClassChangeError'{0x000000008ba4b040}: Found class java.lang.Object, but interface was expected> (0x000000008ba4b040) 
thrown [s\open\src\hotspot\share\interpreter\linkResolver.cpp, line 840]
Event: 0.415 Thread 0x00000227cf128d00 Exception <a 'java/lang/NoSuchMethodError'{0x000000008b74cfe8}: 'int java.lang.invoke.DirectMethodHandle$Holder.invokeSpecial(java.lang.Object, java.lang.Object, java.lang.Object)'> (0x000000008b74cfe8) 
thrown [s\open\src\hotspot\share\interpreter\linkResolver.cpp, line 773]
Event: 0.439 Thread 0x00000227cf128d00 Exception <a 'java/lang/NoSuchMethodError'{0x000000008b6ecc90}: 'java.lang.Object java.lang.invoke.DirectMethodHandle$Holder.newInvokeSpecial(java.lang.Object, java.lang.Object, java.lang.Object, java.lang.Object, java.lang.Object, java.lang.Object, java.lang.Object)'> (0x000000008b6ecc90) 
thrown [s\open\src\hotspot\share\interpreter\linkResolver.cpp, line 773]
Event: 0.441 Thread 0x00000227cf128d00 Exception <a 'java/lang/NoSuchMethodError'{0x000000008b508210}: 'void java.lang.invoke.DirectMethodHandle$Holder.invokeStatic(java.lang.Object, java.lang.Object)'> (0x000000008b508210) 
thrown [s\open\src\hotspot\share\interpreter\linkResolver.cpp, line 773]
Event: 0.442 Thread 0x00000227cf128d00 Exception <a 'java/lang/NoSuchMethodError'{0x000000008b50b778}: 'void java.lang.invoke.DirectMethodHandle$Holder.invokeStaticInit(java.lang.Object, java.lang.Object)'> (0x000000008b50b778) 
thrown [s\open\src\hotspot\share\interpreter\linkResolver.cpp, line 773]
Event: 0.446 Thread 0x00000227cf128d00 Exception <a 'java/lang/NoSuchMethodError'{0x000000008b54ae88}: 'int java.lang.invoke.DirectMethodHandle$Holder.invokeStatic(java.lang.Object, java.lang.Object, java.lang.Object, java.lang.Object)'> (0x000000008b54ae88) 
thrown [s\open\src\hotspot\share\interpreter\linkResolver.cpp, line 773]
Event: 0.447 Thread 0x00000227cf128d00 Exception <a 'java/lang/NoSuchMethodError'{0x000000008b54e508}: 'java.lang.Object java.lang.invoke.Invokers$Holder.invokeExact_MT(java.lang.Object, java.lang.Object, java.lang.Object, java.lang.Object, java.lang.Object, java.lang.Object)'> (0x000000008b54e508) 
thrown [s\open\src\hotspot\share\interpreter\linkResolver.cpp, line 773]
Event: 0.451 Thread 0x00000227cf128d00 Exception <a 'java/lang/NoSuchMethodError'{0x000000008b57d9f8}: 'java.lang.Object java.lang.invoke.Invokers$Holder.invokeExact_MT(java.lang.Object, java.lang.Object, java.lang.Object, java.lang.Object, java.lang.Object)'> (0x000000008b57d9f8) 
thrown [s\open\src\hotspot\share\interpreter\linkResolver.cpp, line 773]
Event: 0.457 Thread 0x00000227cf128d00 Exception <a 'java/lang/NoSuchMethodError'{0x000000008b5b73b8}: 'java.lang.Object java.lang.invoke.DirectMethodHandle$Holder.invokeSpecial(java.lang.Object, java.lang.Object, java.lang.Object, java.lang.Object, java.lang.Object, java.lang.Object, int)'> (0x000000008b5b73b8) 
thrown [s\open\src\hotspot\share\interpreter\linkResolver.cpp, line 773]
Event: 0.458 Thread 0x00000227cf128d00 Exception <a 'java/lang/NoSuchMethodError'{0x000000008b5c0610}: 'java.lang.Object java.lang.invoke.DirectMethodHandle$Holder.newInvokeSpecial(java.lang.Object, java.lang.Object, java.lang.Object, java.lang.Object, java.lang.Object, java.lang.Object, int)'> (0x000000008b5c0610) 
thrown [s\open\src\hotspot\share\interpreter\linkResolver.cpp, line 773]
Event: 0.458 Thread 0x00000227cf128d00 Exception <a 'java/lang/NoSuchMethodError'{0x000000008b5c4bc0}: 'java.lang.Object java.lang.invoke.DirectMethodHandle$Holder.invokeSpecial(java.lang.Object, java.lang.Object, java.lang.Object, java.lang.Object, java.lang.Object, java.lang.Object, java.lang.Object, int)'> (0x000000008b5c4bc0) 
thrown [s\open\src\hotspot\share\interpreter\linkResolver.cpp, line 773]
Event: 0.478 Thread 0x00000227cf128d00 Exception <a 'java/lang/NoSuchMethodError'{0x000000008b4e1b30}: 'int java.lang.invoke.DirectMethodHandle$Holder.invokeInterface(java.lang.Object, java.lang.Object)'> (0x000000008b4e1b30) 
thrown [s\open\src\hotspot\share\interpreter\linkResolver.cpp, line 773]
Event: 0.489 Thread 0x00000227cf128d00 Exception <a 'java/lang/NoSuchMethodError'{0x000000008b33a168}: 'int java.lang.invoke.DirectMethodHandle$Holder.invokeVirtual(java.lang.Object, java.lang.Object)'> (0x000000008b33a168) 
thrown [s\open\src\hotspot\share\interpreter\linkResolver.cpp, line 773]
Event: 0.501 Thread 0x00000227cf128d00 Exception <a 'java/lang/NoSuchMethodError'{0x000000008b3d1560}: 'java.lang.Object java.lang.invoke.DirectMethodHandle$Holder.invokeSpecial(java.lang.Object, java.lang.Object, java.lang.Object, int, java.lang.Object)'> (0x000000008b3d1560) 
thrown [s\open\src\hotspot\share\interpreter\linkResolver.cpp, line 773]
Event: 0.501 Thread 0x00000227cf128d00 Exception <a 'java/lang/NoSuchMethodError'{0x000000008b3d8e50}: 'java.lang.Object java.lang.invoke.DirectMethodHandle$Holder.newInvokeSpecial(java.lang.Object, java.lang.Object, java.lang.Object, int, java.lang.Object)'> (0x000000008b3d8e50) 
thrown [s\open\src\hotspot\share\interpreter\linkResolver.cpp, line 773]
Event: 0.502 Thread 0x00000227cf128d00 Exception <a 'java/lang/NoSuchMethodError'{0x000000008b3e0308}: 'java.lang.Object java.lang.invoke.Invokers$Holder.linkToTargetMethod(java.lang.Object, java.lang.Object, int, java.lang.Object, java.lang.Object)'> (0x000000008b3e0308) 
thrown [s\open\src\hotspot\share\interpreter\linkResolver.cpp, line 773]
Event: 0.502 Thread 0x00000227cf128d00 Exception <a 'java/lang/NoSuchMethodError'{0x000000008b3edbf0}: 'java.lang.Object java.lang.invoke.DirectMethodHandle$Holder.newInvokeSpecial(java.lang.Object, int, java.lang.Object)'> (0x000000008b3edbf0) 
thrown [s\open\src\hotspot\share\interpreter\linkResolver.cpp, line 773]
Event: 0.503 Thread 0x00000227cf128d00 Exception <a 'java/lang/NoSuchMethodError'{0x000000008b3f25a0}: 'int java.lang.invoke.DirectMethodHandle$Holder.invokeSpecialIFC(java.lang.Object, java.lang.Object, java.lang.Object, java.lang.Object)'> (0x000000008b3f25a0) 
thrown [s\open\src\hotspot\share\interpreter\linkResolver.cpp, line 773]
Event: 0.524 Thread 0x00000227cf128d00 Exception <a 'java/lang/NoSuchMethodError'{0x000000008c84f6c8}: 'void java.lang.invoke.DirectMethodHandle$Holder.invokeInterface(java.lang.Object, java.lang.Object, java.lang.Object)'> (0x000000008c84f6c8) 
thrown [s\open\src\hotspot\share\interpreter\linkResolver.cpp, line 773]
Event: 0.534 Thread 0x00000227cf128d00 Exception <a 'java/lang/NoSuchMethodError'{0x000000008c701478}: 'void java.lang.invoke.DirectMethodHandle$Holder.invokeStaticInit(java.lang.Object, java.lang.Object, java.lang.Object)'> (0x000000008c701478) 
thrown [s\open\src\hotspot\share\interpreter\linkResolver.cpp, line 773]

ZGC Phase Switch (0 events):
No events

VM Operations (16 events):
Event: 0.070 Executing VM operation: HandshakeAllThreads (Deoptimize)
Event: 0.070 Executing VM operation: HandshakeAllThreads (Deoptimize) done
Event: 0.143 Executing VM operation: HandshakeAllThreads (Deoptimize)
Event: 0.143 Executing VM operation: HandshakeAllThreads (Deoptimize) done
Event: 0.309 Executing VM operation: HandshakeAllThreads (Deoptimize)
Event: 0.309 Executing VM operation: HandshakeAllThreads (Deoptimize) done
Event: 0.309 Executing VM operation: HandshakeAllThreads (Deoptimize)
Event: 0.309 Executing VM operation: HandshakeAllThreads (Deoptimize) done
Event: 0.363 Executing VM operation: HandshakeAllThreads (Deoptimize)
Event: 0.363 Executing VM operation: HandshakeAllThreads (Deoptimize) done
Event: 0.471 Executing VM operation: ICBufferFull
Event: 0.471 Executing VM operation: ICBufferFull done
Event: 0.488 Executing VM operation: HandshakeAllThreads (Deoptimize)
Event: 0.488 Executing VM operation: HandshakeAllThreads (Deoptimize) done
Event: 0.504 Executing VM operation: G1CollectForAllocation (G1 Evacuation Pause)
Event: 0.510 Executing VM operation: G1CollectForAllocation (G1 Evacuation Pause) done

Events (11 events):
Event: 0.018 Thread 0x00000227cf128d00 Thread added: 0x00000227cf128d00
Event: 0.028 Thread 0x00000227eda26ae0 Thread added: 0x00000227eda26ae0
Event: 0.028 Thread 0x00000227eda28100 Thread added: 0x00000227eda28100
Event: 0.028 Thread 0x00000227eda2ad80 Thread added: 0x00000227eda2ad80
Event: 0.028 Thread 0x00000227eda2c1a0 Thread added: 0x00000227eda2c1a0
Event: 0.028 Thread 0x00000227eda4d7c0 Thread added: 0x00000227eda4d7c0
Event: 0.028 Thread 0x00000227eda4edf0 Thread added: 0x00000227eda4edf0
Event: 0.028 Thread 0x00000227eda54360 Thread added: 0x00000227eda54360
Event: 0.028 Thread 0x00000227eda555a0 Thread added: 0x00000227eda555a0
Event: 0.054 Thread 0x00000227edcebb60 Thread added: 0x00000227edcebb60
Event: 0.056 Thread 0x00000227edcf5d90 Thread added: 0x00000227edcf5d90


Dynamic libraries:
0x00007ff671c80000 - 0x00007ff671c90000 	C:\Program Files\Java\jdk-21\bin\java.exe
0x00007fffe5b30000 - 0x00007fffe5d46000 	C:\WINDOWS\SYSTEM32\ntdll.dll
0x00007fffe5490000 - 0x00007fffe5554000 	C:\WINDOWS\System32\KERNEL32.DLL
0x00007fffe2fe0000 - 0x00007fffe3387000 	C:\WINDOWS\System32\KERNELBASE.dll
0x00007fffe3690000 - 0x00007fffe37a1000 	C:\WINDOWS\System32\ucrtbase.dll
0x00007fffde1b0000 - 0x00007fffde1cb000 	C:\Program Files\Java\jdk-21\bin\VCRUNTIME140.dll
0x00007fffd3d60000 - 0x00007fffd3d79000 	C:\Program Files\Java\jdk-21\bin\jli.dll
0x00007fffe5930000 - 0x00007fffe59e2000 	C:\WINDOWS\System32\ADVAPI32.dll
0x00007fffe53e0000 - 0x00007fffe5487000 	C:\WINDOWS\System32\msvcrt.dll
0x00007fffe5740000 - 0x00007fffe57e8000 	C:\WINDOWS\System32\sechost.dll
0x00007fffe3830000 - 0x00007fffe3858000 	C:\WINDOWS\System32\bcrypt.dll
0x00007fffe3b20000 - 0x00007fffe3c35000 	C:\WINDOWS\System32\RPCRT4.dll
0x00007fffe3c40000 - 0x00007fffe3dee000 	C:\WINDOWS\System32\USER32.dll
0x00007fffe3390000 - 0x00007fffe33b6000 	C:\WINDOWS\System32\win32u.dll
0x00007fffc4f40000 - 0x00007fffc51d3000 	C:\WINDOWS\WinSxS\amd64_microsoft.windows.common-controls_6595b64144ccf1df_6.0.22621.3235_none_270f74e173860f98\COMCTL32.dll
0x00007fffe5a70000 - 0x00007fffe5a99000 	C:\WINDOWS\System32\GDI32.dll
0x00007fffe2e50000 - 0x00007fffe2f69000 	C:\WINDOWS\System32\gdi32full.dll
0x00007fffe35f0000 - 0x00007fffe368a000 	C:\WINDOWS\System32\msvcp_win.dll
0x00007fffd5f30000 - 0x00007fffd5f3a000 	C:\WINDOWS\SYSTEM32\VERSION.dll
0x00007fffe57f0000 - 0x00007fffe5821000 	C:\WINDOWS\System32\IMM32.DLL
0x00007fffde1a0000 - 0x00007fffde1ac000 	C:\Program Files\Java\jdk-21\bin\vcruntime140_1.dll
0x00007fffc77d0000 - 0x00007fffc785e000 	C:\Program Files\Java\jdk-21\bin\msvcp140.dll
0x00007fff9f0a0000 - 0x00007fff9fdb7000 	C:\Program Files\Java\jdk-21\bin\server\jvm.dll
0x00007fffe4270000 - 0x00007fffe42e1000 	C:\WINDOWS\System32\WS2_32.dll
0x00007fffe1cf0000 - 0x00007fffe1d3d000 	C:\WINDOWS\SYSTEM32\POWRPROF.dll
0x00007fffd6480000 - 0x00007fffd64b4000 	C:\WINDOWS\SYSTEM32\WINMM.dll
0x00007fffe1cd0000 - 0x00007fffe1ce3000 	C:\WINDOWS\SYSTEM32\UMPDC.dll
0x00007fffe1f80000 - 0x00007fffe1f98000 	C:\WINDOWS\SYSTEM32\kernel.appcore.dll
0x00007fffde120000 - 0x00007fffde12a000 	C:\Program Files\Java\jdk-21\bin\jimage.dll
0x00007fffdd630000 - 0x00007fffdd863000 	C:\WINDOWS\SYSTEM32\DBGHELP.DLL
0x00007fffe4430000 - 0x00007fffe47b8000 	C:\WINDOWS\System32\combase.dll
0x00007fffe3860000 - 0x00007fffe3937000 	C:\WINDOWS\System32\OLEAUT32.dll
0x00007fffb6630000 - 0x00007fffb6662000 	C:\WINDOWS\SYSTEM32\dbgcore.DLL
0x00007fffe37b0000 - 0x00007fffe3829000 	C:\WINDOWS\System32\bcryptPrimitives.dll
0x00007fffcdb30000 - 0x00007fffcdb4f000 	C:\Program Files\Java\jdk-21\bin\java.dll
0x00007fffe47d0000 - 0x00007fffe502c000 	C:\WINDOWS\System32\SHELL32.dll
0x00007fffe0db0000 - 0x00007fffe16a9000 	C:\WINDOWS\SYSTEM32\windows.storage.dll
0x00007fffe0c70000 - 0x00007fffe0dae000 	C:\WINDOWS\SYSTEM32\wintypes.dll
0x00007fffe5640000 - 0x00007fffe5733000 	C:\WINDOWS\System32\SHCORE.dll
0x00007fffe5a10000 - 0x00007fffe5a6e000 	C:\WINDOWS\System32\shlwapi.dll
0x00007fffe2d80000 - 0x00007fffe2da1000 	C:\WINDOWS\SYSTEM32\profapi.dll
0x00007fffc6380000 - 0x00007fffc6457000 	C:\Program Files\Java\jdk-21\bin\jsvml.dll
0x00007fffddf30000 - 0x00007fffddf40000 	C:\Program Files\Java\jdk-21\bin\net.dll
0x00007fffdd3d0000 - 0x00007fffdd506000 	C:\WINDOWS\SYSTEM32\WINHTTP.dll
0x00007fffe23f0000 - 0x00007fffe2459000 	C:\WINDOWS\system32\mswsock.dll
0x00007fffcbc50000 - 0x00007fffcbc66000 	C:\Program Files\Java\jdk-21\bin\nio.dll
0x00007fffca830000 - 0x00007fffca848000 	C:\Program Files\Java\jdk-21\bin\zip.dll

dbghelp: loaded successfully - version: 4.0.5 - missing functions: none
symbol engine: initialized successfully - sym options: 0x614 - pdb path: .;C:\Program Files\Java\jdk-21\bin;C:\WINDOWS\SYSTEM32;C:\WINDOWS\WinSxS\amd64_microsoft.windows.common-controls_6595b64144ccf1df_6.0.22621.3235_none_270f74e173860f98;C:\Program Files\Java\jdk-21\bin\server

VM Arguments:
java_command: org.LapTrinhTienTien.SpringBootRestApplication
java_class_path (initial): D:\HK2Nam3\ProjectLTTT\Java_CHTienLoi\target\classes;C:\Users\phata\.m2\repository\com\mysql\mysql-connector-j\8.0.33\mysql-connector-j-8.0.33.jar;C:\Users\phata\.m2\repository\com\google\protobuf\protobuf-java\3.21.9\protobuf-java-3.21.9.jar;C:\Users\phata\.m2\repository\org\springframework\boot\spring-boot-starter-data-jpa\3.2.4\spring-boot-starter-data-jpa-3.2.4.jar;C:\Users\phata\.m2\repository\org\springframework\boot\spring-boot-starter-aop\3.2.4\spring-boot-starter-aop-3.2.4.jar;C:\Users\phata\.m2\repository\org\springframework\boot\spring-boot-starter\3.2.4\spring-boot-starter-3.2.4.jar;C:\Users\phata\.m2\repository\org\springframework\boot\spring-boot\3.2.4\spring-boot-3.2.4.jar;C:\Users\phata\.m2\repository\org\springframework\boot\spring-boot-autoconfigure\3.2.4\spring-boot-autoconfigure-3.2.4.jar;C:\Users\phata\.m2\repository\org\springframework\boot\spring-boot-starter-logging\3.2.4\spring-boot-starter-logging-3.2.4.jar;C:\Users\phata\.m2\repository\ch\qos\logback\logback-classic\1.4.14\logback-classic-1.4.14.jar;C:\Users\phata\.m2\repository\ch\qos\logback\logback-core\1.4.14\logback-core-1.4.14.jar;C:\Users\phata\.m2\repository\org\apache\logging\log4j\log4j-to-slf4j\2.21.1\log4j-to-slf4j-2.21.1.jar;C:\Users\phata\.m2\repository\org\slf4j\jul-to-slf4j\2.0.12\jul-to-slf4j-2.0.12.jar;C:\Users\phata\.m2\repository\org\yaml\snakeyaml\2.2\snakeyaml-2.2.jar;C:\Users\phata\.m2\repository\org\springframework\spring-aop\6.1.5\spring-aop-6.1.5.jar;C:\Users\phata\.m2\repository\org\aspectj\aspectjweaver\1.9.21\aspectjweaver-1.9.21.jar;C:\Users\phata\.m2\repository\org\springframework\boot\spring-boot-starter-jdbc\3.2.4\spring-boot-starter-jdbc-3.2.4.jar;C:\Users\phata\.m2\repository\com\zaxxer\HikariCP\5.0.1\HikariCP-5.0.1.jar;C:\Users\phata\.m2\repository\org\springframework\spring-jdbc\6.1.5\spring-jdbc-6.1.5.jar;C:\Users\phata\.m2\repository\org\hibernate\orm\hibernate-core\6.4.4.Final\hibernate-core-6.4.4.Final.jar;C:\Users\phata\.m2\repository\jakarta\persistence\jakarta.persistence-api\3.1.0\jakarta.persistence-api-3.1.0.jar;C:\Users\phata\.m2\repository\jakarta\transaction\jakarta.transaction-api\2.0.1\jakarta.transaction-api-2.0.1.jar;C:\Users\phata\.m2\repository\org\jboss\logging\jboss-logging\3.5.0.Final\jboss-logging-3.5.0.Final.jar;C:\Users\phata\.m2\repository\org\hibernate\common\hibernate-commons-annotations\6.0.6.Final\hibernate-commons-annotations-6.0.6.Final.jar;C:\Users\phata\.m2\repository\io\smallrye\jandex\3.1.2\jandex-3.1.2.jar;C:\Users\phata\.m2\repository\com\fasterxml\classmate\1.5.1\classmate-1.5.1.jar;C:\Users\phata\.m2\repository\net\bytebuddy\byte-buddy\1.14.11\byte-buddy-1.14.11.jar;C:\Users\phata\.m2\repository\jakarta\xml\bind\jakarta.xml.bind-api\4.0.0\jakarta.xml.bind-api-4.0.0.jar;C:\Users\phata\.m2\repository\jakarta\activation\jakarta.activation-api\2.1.0\jakarta.activation-api-2.1.0.jar;C:\Users\phata\.m2\repository\org\glassfish\jaxb\jaxb-runtime\4.0.2\jaxb-runtime-4.0.2.jar;C:\Users\phata\.m2\repository\org\glassfish\jaxb\jaxb-core\4.0.2\jaxb-core-4.0.2.jar;C:\Users\phata\.m2\repository\org\eclipse\angus\angus-activation\2.0.0\angus-activation-2.0.0.jar;C:\Users\phata\.m2\repository\org\glassfish\jaxb\txw2\4.0.2\txw2-4.0.2.jar;C:\Users\phata\.m2\repository\com\sun\istack\istack-commons-runtime\4.1.1\istack-commons-runtime-4.1.1.jar;C:\Users\phata\.m2\repository\jakarta\inject\jakarta.inject-api\2.0.1\jakarta.inject-api-2.0.1.jar;C:\Users\phata\.m2\repository\org\antlr\antlr4-runtime\4.13.0\antlr4-runtime-4.13.0.jar;C:\Users\phata\.m2\repository\org\springframework\data\spring-data-jpa\3.2.4\spring-data-jpa-3.2.4.jar;C:\Users\phata\.m2\repository\org\springframework\data\spring-data-commons\3.2.4\spring-data-commons-3.2.4.jar;C:\Users\phata\.m2\repository\org\springframework\spring-orm\6.1.5\spring-orm-6.1.5.jar;C:\Users\phata\.m2\repository\org\springframework\spring-context\6.1.5\spring-context-6.1.5.jar;C:\Users\phata\.m2\repository\org\springframework\spring-expression\6.1.5\spring-expression-6.1.5.jar;C:\Users\phata\.m2\repository\io\micrometer\micrometer-observation\1.12.4\micrometer-observation-1.12.4.jar;C:\Users\phata\.m2\repository\io\micrometer\micrometer-commons\1.12.4\micrometer-commons-1.12.4.jar;C:\Users\phata\.m2\repository\org\springframework\spring-tx\6.1.5\spring-tx-6.1.5.jar;C:\Users\phata\.m2\repository\org\springframework\spring-beans\6.1.5\spring-beans-6.1.5.jar;C:\Users\phata\.m2\repository\org\springframework\spring-core\6.1.5\spring-core-6.1.5.jar;C:\Users\phata\.m2\repository\org\springframework\spring-jcl\6.1.5\spring-jcl-6.1.5.jar;C:\Users\phata\.m2\repository\jakarta\annotation\jakarta.annotation-api\2.0.0\jakarta.annotation-api-2.0.0.jar;C:\Users\phata\.m2\repository\org\slf4j\slf4j-api\2.0.2\slf4j-api-2.0.2.jar;C:\Users\phata\.m2\repository\org\springframework\spring-aspects\6.1.5\spring-aspects-6.1.5.jar;C:\Users\phata\.m2\repository\com\github\javafaker\javafaker\1.0.2\javafaker-1.0.2.jar;C:\Users\phata\.m2\repository\org\apache\commons\commons-lang3\3.5\commons-lang3-3.5.jar;C:\Users\phata\.m2\repository\org\yaml\snakeyaml\1.23\snakeyaml-1.23-android.jar;C:\Users\phata\.m2\repository\com\github\mifmif\generex\1.0.2\generex-1.0.2.jar;C:\Users\phata\.m2\repository\dk\brics\automaton\automaton\1.11-8\automaton-1.11-8.jar;C:\Users\phata\.m2\repository\com\toedter\jcalendar\1.2.2\jcalendar-1.2.2.jar;C:\Users\phata\.m2\repository\com\miglayout\miglayout-swing\4.1\miglayout-swing-4.1.jar;C:\Users\phata\.m2\repository\com\miglayout\miglayout-core\4.1\miglayout-core-4.1.jar;C:\Users\phata\.m2\repository\org\apache\poi\poi\5.2.3\poi-5.2.3.jar;C:\Users\phata\.m2\repository\commons-codec\commons-codec\1.15\commons-codec-1.15.jar;C:\Users\phata\.m2\repository\org\apache\commons\commons-collections4\4.4\commons-collections4-4.4.jar;C:\Users\phata\.m2\repository\org\apache\commons\commons-math3\3.6.1\commons-math3-3.6.1.jar;C:\Users\phata\.m2\repository\commons-io\commons-io\2.11.0\commons-io-2.11.0.jar;C:\Users\phata\.m2\repository\com\zaxxer\SparseBitSet\1.2\SparseBitSet-1.2.jar;C:\Users\phata\.m2\repository\org\apache\logging\log4j\log4j-api\2.18.0\log4j-api-2.18.0.jar
Launcher Type: SUN_STANDARD

[Global flags]
     intx CICompilerCount                          = 4                                         {product} {ergonomic}
     uint ConcGCThreads                            = 2                                         {product} {ergonomic}
     uint G1ConcRefinementThreads                  = 8                                         {product} {ergonomic}
   size_t G1HeapRegionSize                         = 1048576                                   {product} {ergonomic}
    uintx GCDrainStackTargetSize                   = 64                                        {product} {ergonomic}
   size_t InitialHeapSize                          = 130023424                                 {product} {ergonomic}
   size_t MarkStackSize                            = 4194304                                   {product} {ergonomic}
   size_t MaxHeapSize                              = 2065694720                                {product} {ergonomic}
   size_t MaxNewSize                               = 1239416832                                {product} {ergonomic}
   size_t MinHeapDeltaBytes                        = 1048576                                   {product} {ergonomic}
   size_t MinHeapSize                              = 8388608                                   {product} {ergonomic}
    uintx NonNMethodCodeHeapSize                   = 5839372                                {pd product} {ergonomic}
    uintx NonProfiledCodeHeapSize                  = 122909434                              {pd product} {ergonomic}
    uintx ProfiledCodeHeapSize                     = 122909434                              {pd product} {ergonomic}
    uintx ReservedCodeCacheSize                    = 251658240                              {pd product} {ergonomic}
     bool SegmentedCodeCache                       = true                                      {product} {ergonomic}
   size_t SoftMaxHeapSize                          = 2065694720                             {manageable} {ergonomic}
     bool UseCompressedOops                        = true                           {product lp64_product} {ergonomic}
     bool UseG1GC                                  = true                                      {product} {ergonomic}
     bool UseLargePagesIndividualAllocation        = false                                  {pd product} {ergonomic}

Logging:
Log output configuration:
 #0: stdout all=warning uptime,level,tags foldmultilines=false
 #1: stderr all=off uptime,level,tags foldmultilines=false

Environment Variables:
JAVA_HOME=C:\Program Files\Java\jdk-21
PATH=D:\VMWare\bin\;C:\Program Files\Common Files\Oracle\Java\javapath;C:\WINDOWS\system32;C:\WINDOWS;C:\WINDOWS\System32\Wbem;C:\WINDOWS\System32\WindowsPowerShell\v1.0\;C:\WINDOWS\System32\OpenSSH\;C:\Program Files\Bandizip\;C:\Program Files (x86)\Microsoft SQL Server\160\Tools\Binn\;C:\Program Files\Microsoft SQL Server\160\Tools\Binn\;C:\Program Files\Microsoft SQL Server\Client SDK\ODBC\170\Tools\Binn\;C:\Program Files\Microsoft SQL Server\160\DTS\Binn\;C:\Program Files (x86)\Microsoft SQL Server\160\DTS\Binn\;C:\Program Files\Azure Data Studio\bin;C:\Program Files\dotnet\;C:\Program Files\Microsoft SQL Server\150\Tools\Binn\;C:\Program Files\Amazon\AWSCLIV2\;D:\Git\cmd;C:\Program Files\Java\jdk-1.8;C:\Program Files\nodejs\;C:\Users\phata\AppData\Local\Programs\Python\Python311\Scripts\;C:\Users\phata\AppData\Local\Programs\Python\Python311\;C:\Users\phata\AppData\Local\Microsoft\WindowsApps;C:\Users\phata\AppData\Local\Programs\Microsoft VS Code\bin;C:\Program Files\Azure Data Studio\bin;C:\Users\phata\.dotnet\tools;C:\ProgramData\phata\GitHubDesktop\bin;C:\Users\phata\AppData\Roaming\npm
USERNAME=phata
OS=Windows_NT
PROCESSOR_IDENTIFIER=Intel64 Family 6 Model 140 Stepping 1, GenuineIntel
TMP=C:\Users\phata\AppData\Local\Temp
TEMP=C:\Users\phata\AppData\Local\Temp




Periodic native trim disabled

---------------  S Y S T E M  ---------------

OS:
 Windows 11 , 64 bit Build 22621 (10.0.22621.3374)
OS uptime: 0 days 20:27 hours

CPU: total 8 (initial active 8) (4 cores per cpu, 2 threads per core) family 6 model 140 stepping 1 microcode 0x86, cx8, cmov, fxsr, ht, mmx, 3dnowpref, sse, sse2, sse3, ssse3, sse4.1, sse4.2, popcnt, lzcnt, tsc, tscinvbit, avx, avx2, aes, erms, clmul, bmi1, bmi2, adx, avx512f, avx512dq, avx512cd, avx512bw, avx512vl, sha, fma, vzeroupper, avx512_vpopcntdq, avx512_vpclmulqdq, avx512_vaes, avx512_vnni, clflush, clflushopt, clwb, avx512_vbmi2, avx512_vbmi, rdtscp, rdpid, fsrm, gfni, avx512_bitalg, f16c, pku, cet_ibt, cet_ss, avx512_ifma
Processor Information for all 8 processors :
  Max Mhz: 2419, Current Mhz: 2419, Mhz Limit: 2419

Memory: 4k page, system-wide physical 7874M (265M free)
TotalPageFile size 19380M (AvailPageFile size 3M)
current process WorkingSet (physical memory assigned to process): 89M, peak: 89M
current process commit charge ("private bytes"): 227M, peak: 227M

vm_info: Java HotSpot(TM) 64-Bit Server VM (21.0.2+13-LTS-58) for windows-amd64 JRE (21.0.2+13-LTS-58), built on 2024-01-05T18:32:24Z by "mach5one" with MS VC++ 17.1 (VS2022)

END.
