#
# There is insufficient memory for the Java Runtime Environment to continue.
# Native memory allocation (malloc) failed to allocate 32744 bytes for Chunk::new
# Possible reasons:
#   The system is out of physical RAM or swap space
#   The process is running with CompressedOops enabled, and the Java Heap may be blocking the growth of the native heap
# Possible solutions:
#   Reduce memory load on the system
#   Increase physical memory or swap space
#   Check if swap backing store is full
#   Decrease Java heap size (-Xmx/-Xms)
#   Decrease number of Java threads
#   Decrease Java thread stack sizes (-Xss)
#   Set larger code cache with -XX:ReservedCodeCacheSize=
#   JVM is running with Unscaled Compressed Oops mode in which the Java heap is
#     placed in the first 4GB address space. The Java Heap base address is the
#     maximum limit for the native heap growth. Please use -XX:HeapBaseMinAddress
#     to set the Java Heap base and to place the Java Heap above 4GB virtual address.
# This output file may be truncated or incomplete.
#
#  Out of Memory Error (arena.cpp:168), pid=16356, tid=3264
#
# JRE version: Java(TM) SE Runtime Environment (21.0.2+13) (build 21.0.2+13-LTS-58)
# Java VM: Java HotSpot(TM) 64-Bit Server VM (21.0.2+13-LTS-58, mixed mode, sharing, tiered, compressed oops, compressed class ptrs, g1 gc, windows-amd64)
# No core dump will be written. Minidumps are not enabled by default on client versions of Windows
#

---------------  S U M M A R Y ------------

Command Line: org.LapTrinhTienTien.SpringBootRestApplication

Host: 11th Gen Intel(R) Core(TM) i5-1135G7 @ 2.40GHz, 8 cores, 7G,  Windows 11 , 64 bit Build 22621 (10.0.22621.3374)
Time: Tue May  7 19:39:43 2024 SE Asia Standard Time elapsed time: 0.272737 seconds (0d 0h 0m 0s)

---------------  T H R E A D  ---------------

Current thread (0x00000188eb130040):  JavaThread "C1 CompilerThread0" daemon [_thread_in_native, id=3264, stack(0x00000075a0a00000,0x00000075a0b00000) (1024K)]


Current CompileTask:
C1:    272  723       3       java.net.URLStreamHandler::parseURL (1124 bytes)

Stack: [0x00000075a0a00000,0x00000075a0b00000]
Native frames: (J=compiled Java code, j=interpreted, Vv=VM code, C=native code)
V  [jvm.dll+0x6cade9]
V  [jvm.dll+0x8569c1]
V  [jvm.dll+0x858d2e]
V  [jvm.dll+0x859413]
V  [jvm.dll+0x280e56]
V  [jvm.dll+0xc3f3d]
V  [jvm.dll+0xc4473]
V  [jvm.dll+0x13f0de]
V  [jvm.dll+0x13e477]
V  [jvm.dll+0x19ab5b]
V  [jvm.dll+0x19b136]
V  [jvm.dll+0x154953]
V  [jvm.dll+0x154208]
V  [jvm.dll+0x154444]
V  [jvm.dll+0x153886]
V  [jvm.dll+0x1555ed]
V  [jvm.dll+0x258859]
V  [jvm.dll+0x256e3a]
V  [jvm.dll+0x3ef6c6]
V  [jvm.dll+0x7ff568]
V  [jvm.dll+0x6c953d]
C  [ucrtbase.dll+0x29333]
C  [KERNEL32.DLL+0x1257d]
C  [ntdll.dll+0x5aa48]


---------------  P R O C E S S  ---------------

Threads class SMR info:
_java_thread_list=0x00000188eb4109e0, length=11, elements={
0x00000188cc6fc370, 0x00000188eb117990, 0x00000188eb1186b0, 0x00000188eb11b6a0,
0x00000188eb11c230, 0x00000188eb11eb00, 0x00000188eb11f2a0, 0x00000188eb12bed0,
0x00000188eb130040, 0x00000188eb42fe60, 0x00000188eb4360b0
}

Java Threads: ( => current thread )
  0x00000188cc6fc370 JavaThread "main"                              [_thread_in_vm, id=4848, stack(0x000000759fb00000,0x000000759fc00000) (1024K)]
  0x00000188eb117990 JavaThread "Reference Handler"          daemon [_thread_blocked, id=10032, stack(0x00000075a0300000,0x00000075a0400000) (1024K)]
  0x00000188eb1186b0 JavaThread "Finalizer"                  daemon [_thread_blocked, id=17260, stack(0x00000075a0400000,0x00000075a0500000) (1024K)]
  0x00000188eb11b6a0 JavaThread "Signal Dispatcher"          daemon [_thread_blocked, id=2744, stack(0x00000075a0500000,0x00000075a0600000) (1024K)]
  0x00000188eb11c230 JavaThread "Attach Listener"            daemon [_thread_blocked, id=17108, stack(0x00000075a0600000,0x00000075a0700000) (1024K)]
  0x00000188eb11eb00 JavaThread "Service Thread"             daemon [_thread_blocked, id=16020, stack(0x00000075a0700000,0x00000075a0800000) (1024K)]
  0x00000188eb11f2a0 JavaThread "Monitor Deflation Thread"   daemon [_thread_blocked, id=17256, stack(0x00000075a0800000,0x00000075a0900000) (1024K)]
  0x00000188eb12bed0 JavaThread "C2 CompilerThread0"         daemon [_thread_in_native, id=5156, stack(0x00000075a0900000,0x00000075a0a00000) (1024K)]
=>0x00000188eb130040 JavaThread "C1 CompilerThread0"         daemon [_thread_in_native, id=3264, stack(0x00000075a0a00000,0x00000075a0b00000) (1024K)]
  0x00000188eb42fe60 JavaThread "Notification Thread"        daemon [_thread_blocked, id=8792, stack(0x00000075a0b00000,0x00000075a0c00000) (1024K)]
  0x00000188eb4360b0 JavaThread "Common-Cleaner"             daemon [_thread_blocked, id=6460, stack(0x00000075a0c00000,0x00000075a0d00000) (1024K)]
Total: 11

Other Threads:
  0x00000188eb0f9070 VMThread "VM Thread"                           [id=12364, stack(0x00000075a0200000,0x00000075a0300000) (1024K)]
  0x00000188eb0e1890 WatcherThread "VM Periodic Task Thread"        [id=16648, stack(0x00000075a0100000,0x00000075a0200000) (1024K)]
  0x00000188ce92b050 WorkerThread "GC Thread#0"                     [id=16520, stack(0x000000759fc00000,0x000000759fd00000) (1024K)]
  0x00000188ce93bf40 ConcurrentGCThread "G1 Main Marker"            [id=6512, stack(0x000000759fd00000,0x000000759fe00000) (1024K)]
  0x00000188ce93d0f0 WorkerThread "G1 Conc#0"                       [id=1864, stack(0x000000759fe00000,0x000000759ff00000) (1024K)]
  0x00000188eafb2160 ConcurrentGCThread "G1 Refine#0"               [id=9320, stack(0x000000759ff00000,0x00000075a0000000) (1024K)]
  0x00000188eafb2ae0 ConcurrentGCThread "G1 Service"                [id=12860, stack(0x00000075a0000000,0x00000075a0100000) (1024K)]
Total: 7

Threads with active compile tasks:
C2 CompilerThread0      291  727       4       java.lang.AbstractStringBuilder::append (45 bytes)
C1 CompilerThread0      291  723       3       java.net.URLStreamHandler::parseURL (1124 bytes)
Total: 2

VM state: not at safepoint (normal execution)

VM Mutex/Monitor currently owned by a thread:  ([mutex/lock_event])
[0x00007fff9fcdace8] Metaspace_lock - owner thread: 0x00000188cc6fc370

Heap address: 0x0000000084e00000, size: 1970 MB, Compressed Oops mode: 32-bit

CDS archive(s) mapped at: [0x0000018880000000-0x0000018880c90000-0x0000018880c90000), size 13172736, SharedBaseAddress: 0x0000018880000000, ArchiveRelocationMode: 1.
Compressed class space mapped at: 0x0000018881000000-0x00000188c1000000, reserved size: 1073741824
Narrow klass base: 0x0000018880000000, Narrow klass shift: 0, Narrow klass range: 0x100000000

GC Precious Log:
 CardTable entry size: 512
 Card Set container configuration: InlinePtr #cards 5 size 8 Array Of Cards #cards 12 size 40 Howl #buckets 4 coarsen threshold 1843 Howl Bitmap #cards 512 size 80 coarsen threshold 460 Card regions per heap region 1 cards per card region 2048
 CPUs: 8 total, 8 available
 Memory: 7874M
 Large Page Support: Disabled
 NUMA Support: Disabled
 Compressed Oops: Enabled (32-bit)
 Heap Region Size: 1M
 Heap Min Capacity: 8M
 Heap Initial Capacity: 124M
 Heap Max Capacity: 1970M
 Pre-touch: Disabled
 Parallel Workers: 8
 Concurrent Workers: 2
 Concurrent Refinement Workers: 8
 Periodic GC: Disabled

Heap:
 garbage-first heap   total 126976K, used 11264K [0x0000000084e00000, 0x0000000100000000)
  region size 1024K, 12 young (12288K), 0 survivors (0K)
 Metaspace       used 3563K, committed 3712K, reserved 1114112K
  class space    used 370K, committed 448K, reserved 1048576K

Heap Regions: E=young(eden), S=young(survivor), O=old, HS=humongous(starts), HC=humongous(continues), CS=collection set, F=free, TAMS=top-at-mark-start, PB=parsable bottom
|   0|0x0000000084e00000, 0x0000000084f00000, 0x0000000084f00000|100%|HS|  |TAMS 0x0000000084e00000| PB 0x0000000084e00000| Complete 
|   1|0x0000000084f00000, 0x0000000084f00000, 0x0000000085000000|  0%| F|  |TAMS 0x0000000084f00000| PB 0x0000000084f00000| Untracked 
|   2|0x0000000085000000, 0x0000000085000000, 0x0000000085100000|  0%| F|  |TAMS 0x0000000085000000| PB 0x0000000085000000| Untracked 
|   3|0x0000000085100000, 0x0000000085100000, 0x0000000085200000|  0%| F|  |TAMS 0x0000000085100000| PB 0x0000000085100000| Untracked 
|   4|0x0000000085200000, 0x0000000085200000, 0x0000000085300000|  0%| F|  |TAMS 0x0000000085200000| PB 0x0000000085200000| Untracked 
|   5|0x0000000085300000, 0x0000000085300000, 0x0000000085400000|  0%| F|  |TAMS 0x0000000085300000| PB 0x0000000085300000| Untracked 
|   6|0x0000000085400000, 0x0000000085400000, 0x0000000085500000|  0%| F|  |TAMS 0x0000000085400000| PB 0x0000000085400000| Untracked 
|   7|0x0000000085500000, 0x0000000085500000, 0x0000000085600000|  0%| F|  |TAMS 0x0000000085500000| PB 0x0000000085500000| Untracked 
|   8|0x0000000085600000, 0x0000000085600000, 0x0000000085700000|  0%| F|  |TAMS 0x0000000085600000| PB 0x0000000085600000| Untracked 
|   9|0x0000000085700000, 0x0000000085700000, 0x0000000085800000|  0%| F|  |TAMS 0x0000000085700000| PB 0x0000000085700000| Untracked 
|  10|0x0000000085800000, 0x0000000085800000, 0x0000000085900000|  0%| F|  |TAMS 0x0000000085800000| PB 0x0000000085800000| Untracked 
|  11|0x0000000085900000, 0x0000000085900000, 0x0000000085a00000|  0%| F|  |TAMS 0x0000000085900000| PB 0x0000000085900000| Untracked 
|  12|0x0000000085a00000, 0x0000000085a00000, 0x0000000085b00000|  0%| F|  |TAMS 0x0000000085a00000| PB 0x0000000085a00000| Untracked 
|  13|0x0000000085b00000, 0x0000000085b00000, 0x0000000085c00000|  0%| F|  |TAMS 0x0000000085b00000| PB 0x0000000085b00000| Untracked 
|  14|0x0000000085c00000, 0x0000000085c00000, 0x0000000085d00000|  0%| F|  |TAMS 0x0000000085c00000| PB 0x0000000085c00000| Untracked 
|  15|0x0000000085d00000, 0x0000000085d00000, 0x0000000085e00000|  0%| F|  |TAMS 0x0000000085d00000| PB 0x0000000085d00000| Untracked 
|  16|0x0000000085e00000, 0x0000000085e00000, 0x0000000085f00000|  0%| F|  |TAMS 0x0000000085e00000| PB 0x0000000085e00000| Untracked 
|  17|0x0000000085f00000, 0x0000000085f00000, 0x0000000086000000|  0%| F|  |TAMS 0x0000000085f00000| PB 0x0000000085f00000| Untracked 
|  18|0x0000000086000000, 0x0000000086000000, 0x0000000086100000|  0%| F|  |TAMS 0x0000000086000000| PB 0x0000000086000000| Untracked 
|  19|0x0000000086100000, 0x0000000086100000, 0x0000000086200000|  0%| F|  |TAMS 0x0000000086100000| PB 0x0000000086100000| Untracked 
|  20|0x0000000086200000, 0x0000000086200000, 0x0000000086300000|  0%| F|  |TAMS 0x0000000086200000| PB 0x0000000086200000| Untracked 
|  21|0x0000000086300000, 0x0000000086300000, 0x0000000086400000|  0%| F|  |TAMS 0x0000000086300000| PB 0x0000000086300000| Untracked 
|  22|0x0000000086400000, 0x0000000086400000, 0x0000000086500000|  0%| F|  |TAMS 0x0000000086400000| PB 0x0000000086400000| Untracked 
|  23|0x0000000086500000, 0x0000000086500000, 0x0000000086600000|  0%| F|  |TAMS 0x0000000086500000| PB 0x0000000086500000| Untracked 
|  24|0x0000000086600000, 0x0000000086600000, 0x0000000086700000|  0%| F|  |TAMS 0x0000000086600000| PB 0x0000000086600000| Untracked 
|  25|0x0000000086700000, 0x0000000086700000, 0x0000000086800000|  0%| F|  |TAMS 0x0000000086700000| PB 0x0000000086700000| Untracked 
|  26|0x0000000086800000, 0x0000000086800000, 0x0000000086900000|  0%| F|  |TAMS 0x0000000086800000| PB 0x0000000086800000| Untracked 
|  27|0x0000000086900000, 0x0000000086900000, 0x0000000086a00000|  0%| F|  |TAMS 0x0000000086900000| PB 0x0000000086900000| Untracked 
|  28|0x0000000086a00000, 0x0000000086a00000, 0x0000000086b00000|  0%| F|  |TAMS 0x0000000086a00000| PB 0x0000000086a00000| Untracked 
|  29|0x0000000086b00000, 0x0000000086b00000, 0x0000000086c00000|  0%| F|  |TAMS 0x0000000086b00000| PB 0x0000000086b00000| Untracked 
|  30|0x0000000086c00000, 0x0000000086c00000, 0x0000000086d00000|  0%| F|  |TAMS 0x0000000086c00000| PB 0x0000000086c00000| Untracked 
|  31|0x0000000086d00000, 0x0000000086d00000, 0x0000000086e00000|  0%| F|  |TAMS 0x0000000086d00000| PB 0x0000000086d00000| Untracked 
|  32|0x0000000086e00000, 0x0000000086e00000, 0x0000000086f00000|  0%| F|  |TAMS 0x0000000086e00000| PB 0x0000000086e00000| Untracked 
|  33|0x0000000086f00000, 0x0000000086f00000, 0x0000000087000000|  0%| F|  |TAMS 0x0000000086f00000| PB 0x0000000086f00000| Untracked 
|  34|0x0000000087000000, 0x0000000087000000, 0x0000000087100000|  0%| F|  |TAMS 0x0000000087000000| PB 0x0000000087000000| Untracked 
|  35|0x0000000087100000, 0x0000000087100000, 0x0000000087200000|  0%| F|  |TAMS 0x0000000087100000| PB 0x0000000087100000| Untracked 
|  36|0x0000000087200000, 0x0000000087200000, 0x0000000087300000|  0%| F|  |TAMS 0x0000000087200000| PB 0x0000000087200000| Untracked 
|  37|0x0000000087300000, 0x0000000087300000, 0x0000000087400000|  0%| F|  |TAMS 0x0000000087300000| PB 0x0000000087300000| Untracked 
|  38|0x0000000087400000, 0x0000000087400000, 0x0000000087500000|  0%| F|  |TAMS 0x0000000087400000| PB 0x0000000087400000| Untracked 
|  39|0x0000000087500000, 0x0000000087500000, 0x0000000087600000|  0%| F|  |TAMS 0x0000000087500000| PB 0x0000000087500000| Untracked 
|  40|0x0000000087600000, 0x0000000087600000, 0x0000000087700000|  0%| F|  |TAMS 0x0000000087600000| PB 0x0000000087600000| Untracked 
|  41|0x0000000087700000, 0x0000000087700000, 0x0000000087800000|  0%| F|  |TAMS 0x0000000087700000| PB 0x0000000087700000| Untracked 
|  42|0x0000000087800000, 0x0000000087800000, 0x0000000087900000|  0%| F|  |TAMS 0x0000000087800000| PB 0x0000000087800000| Untracked 
|  43|0x0000000087900000, 0x0000000087900000, 0x0000000087a00000|  0%| F|  |TAMS 0x0000000087900000| PB 0x0000000087900000| Untracked 
|  44|0x0000000087a00000, 0x0000000087a00000, 0x0000000087b00000|  0%| F|  |TAMS 0x0000000087a00000| PB 0x0000000087a00000| Untracked 
|  45|0x0000000087b00000, 0x0000000087b00000, 0x0000000087c00000|  0%| F|  |TAMS 0x0000000087b00000| PB 0x0000000087b00000| Untracked 
|  46|0x0000000087c00000, 0x0000000087c00000, 0x0000000087d00000|  0%| F|  |TAMS 0x0000000087c00000| PB 0x0000000087c00000| Untracked 
|  47|0x0000000087d00000, 0x0000000087d00000, 0x0000000087e00000|  0%| F|  |TAMS 0x0000000087d00000| PB 0x0000000087d00000| Untracked 
|  48|0x0000000087e00000, 0x0000000087e00000, 0x0000000087f00000|  0%| F|  |TAMS 0x0000000087e00000| PB 0x0000000087e00000| Untracked 
|  49|0x0000000087f00000, 0x0000000087f00000, 0x0000000088000000|  0%| F|  |TAMS 0x0000000087f00000| PB 0x0000000087f00000| Untracked 
|  50|0x0000000088000000, 0x0000000088000000, 0x0000000088100000|  0%| F|  |TAMS 0x0000000088000000| PB 0x0000000088000000| Untracked 
|  51|0x0000000088100000, 0x0000000088100000, 0x0000000088200000|  0%| F|  |TAMS 0x0000000088100000| PB 0x0000000088100000| Untracked 
|  52|0x0000000088200000, 0x0000000088200000, 0x0000000088300000|  0%| F|  |TAMS 0x0000000088200000| PB 0x0000000088200000| Untracked 
|  53|0x0000000088300000, 0x0000000088300000, 0x0000000088400000|  0%| F|  |TAMS 0x0000000088300000| PB 0x0000000088300000| Untracked 
|  54|0x0000000088400000, 0x0000000088400000, 0x0000000088500000|  0%| F|  |TAMS 0x0000000088400000| PB 0x0000000088400000| Untracked 
|  55|0x0000000088500000, 0x0000000088500000, 0x0000000088600000|  0%| F|  |TAMS 0x0000000088500000| PB 0x0000000088500000| Untracked 
|  56|0x0000000088600000, 0x0000000088600000, 0x0000000088700000|  0%| F|  |TAMS 0x0000000088600000| PB 0x0000000088600000| Untracked 
|  57|0x0000000088700000, 0x0000000088700000, 0x0000000088800000|  0%| F|  |TAMS 0x0000000088700000| PB 0x0000000088700000| Untracked 
|  58|0x0000000088800000, 0x0000000088800000, 0x0000000088900000|  0%| F|  |TAMS 0x0000000088800000| PB 0x0000000088800000| Untracked 
|  59|0x0000000088900000, 0x0000000088900000, 0x0000000088a00000|  0%| F|  |TAMS 0x0000000088900000| PB 0x0000000088900000| Untracked 
|  60|0x0000000088a00000, 0x0000000088a00000, 0x0000000088b00000|  0%| F|  |TAMS 0x0000000088a00000| PB 0x0000000088a00000| Untracked 
|  61|0x0000000088b00000, 0x0000000088b00000, 0x0000000088c00000|  0%| F|  |TAMS 0x0000000088b00000| PB 0x0000000088b00000| Untracked 
|  62|0x0000000088c00000, 0x0000000088c00000, 0x0000000088d00000|  0%| F|  |TAMS 0x0000000088c00000| PB 0x0000000088c00000| Untracked 
|  63|0x0000000088d00000, 0x0000000088d00000, 0x0000000088e00000|  0%| F|  |TAMS 0x0000000088d00000| PB 0x0000000088d00000| Untracked 
|  64|0x0000000088e00000, 0x0000000088e00000, 0x0000000088f00000|  0%| F|  |TAMS 0x0000000088e00000| PB 0x0000000088e00000| Untracked 
|  65|0x0000000088f00000, 0x0000000088f00000, 0x0000000089000000|  0%| F|  |TAMS 0x0000000088f00000| PB 0x0000000088f00000| Untracked 
|  66|0x0000000089000000, 0x0000000089000000, 0x0000000089100000|  0%| F|  |TAMS 0x0000000089000000| PB 0x0000000089000000| Untracked 
|  67|0x0000000089100000, 0x0000000089100000, 0x0000000089200000|  0%| F|  |TAMS 0x0000000089100000| PB 0x0000000089100000| Untracked 
|  68|0x0000000089200000, 0x0000000089200000, 0x0000000089300000|  0%| F|  |TAMS 0x0000000089200000| PB 0x0000000089200000| Untracked 
|  69|0x0000000089300000, 0x0000000089300000, 0x0000000089400000|  0%| F|  |TAMS 0x0000000089300000| PB 0x0000000089300000| Untracked 
|  70|0x0000000089400000, 0x0000000089400000, 0x0000000089500000|  0%| F|  |TAMS 0x0000000089400000| PB 0x0000000089400000| Untracked 
|  71|0x0000000089500000, 0x0000000089500000, 0x0000000089600000|  0%| F|  |TAMS 0x0000000089500000| PB 0x0000000089500000| Untracked 
|  72|0x0000000089600000, 0x0000000089600000, 0x0000000089700000|  0%| F|  |TAMS 0x0000000089600000| PB 0x0000000089600000| Untracked 
|  73|0x0000000089700000, 0x0000000089700000, 0x0000000089800000|  0%| F|  |TAMS 0x0000000089700000| PB 0x0000000089700000| Untracked 
|  74|0x0000000089800000, 0x0000000089800000, 0x0000000089900000|  0%| F|  |TAMS 0x0000000089800000| PB 0x0000000089800000| Untracked 
|  75|0x0000000089900000, 0x0000000089900000, 0x0000000089a00000|  0%| F|  |TAMS 0x0000000089900000| PB 0x0000000089900000| Untracked 
|  76|0x0000000089a00000, 0x0000000089a00000, 0x0000000089b00000|  0%| F|  |TAMS 0x0000000089a00000| PB 0x0000000089a00000| Untracked 
|  77|0x0000000089b00000, 0x0000000089b00000, 0x0000000089c00000|  0%| F|  |TAMS 0x0000000089b00000| PB 0x0000000089b00000| Untracked 
|  78|0x0000000089c00000, 0x0000000089c00000, 0x0000000089d00000|  0%| F|  |TAMS 0x0000000089c00000| PB 0x0000000089c00000| Untracked 
|  79|0x0000000089d00000, 0x0000000089d00000, 0x0000000089e00000|  0%| F|  |TAMS 0x0000000089d00000| PB 0x0000000089d00000| Untracked 
|  80|0x0000000089e00000, 0x0000000089e00000, 0x0000000089f00000|  0%| F|  |TAMS 0x0000000089e00000| PB 0x0000000089e00000| Untracked 
|  81|0x0000000089f00000, 0x0000000089f00000, 0x000000008a000000|  0%| F|  |TAMS 0x0000000089f00000| PB 0x0000000089f00000| Untracked 
|  82|0x000000008a000000, 0x000000008a000000, 0x000000008a100000|  0%| F|  |TAMS 0x000000008a000000| PB 0x000000008a000000| Untracked 
|  83|0x000000008a100000, 0x000000008a100000, 0x000000008a200000|  0%| F|  |TAMS 0x000000008a100000| PB 0x000000008a100000| Untracked 
|  84|0x000000008a200000, 0x000000008a200000, 0x000000008a300000|  0%| F|  |TAMS 0x000000008a200000| PB 0x000000008a200000| Untracked 
|  85|0x000000008a300000, 0x000000008a300000, 0x000000008a400000|  0%| F|  |TAMS 0x000000008a300000| PB 0x000000008a300000| Untracked 
|  86|0x000000008a400000, 0x000000008a400000, 0x000000008a500000|  0%| F|  |TAMS 0x000000008a400000| PB 0x000000008a400000| Untracked 
|  87|0x000000008a500000, 0x000000008a500000, 0x000000008a600000|  0%| F|  |TAMS 0x000000008a500000| PB 0x000000008a500000| Untracked 
|  88|0x000000008a600000, 0x000000008a600000, 0x000000008a700000|  0%| F|  |TAMS 0x000000008a600000| PB 0x000000008a600000| Untracked 
|  89|0x000000008a700000, 0x000000008a700000, 0x000000008a800000|  0%| F|  |TAMS 0x000000008a700000| PB 0x000000008a700000| Untracked 
|  90|0x000000008a800000, 0x000000008a800000, 0x000000008a900000|  0%| F|  |TAMS 0x000000008a800000| PB 0x000000008a800000| Untracked 
|  91|0x000000008a900000, 0x000000008a900000, 0x000000008aa00000|  0%| F|  |TAMS 0x000000008a900000| PB 0x000000008a900000| Untracked 
|  92|0x000000008aa00000, 0x000000008aa00000, 0x000000008ab00000|  0%| F|  |TAMS 0x000000008aa00000| PB 0x000000008aa00000| Untracked 
|  93|0x000000008ab00000, 0x000000008ab00000, 0x000000008ac00000|  0%| F|  |TAMS 0x000000008ab00000| PB 0x000000008ab00000| Untracked 
|  94|0x000000008ac00000, 0x000000008ac00000, 0x000000008ad00000|  0%| F|  |TAMS 0x000000008ac00000| PB 0x000000008ac00000| Untracked 
|  95|0x000000008ad00000, 0x000000008ad00000, 0x000000008ae00000|  0%| F|  |TAMS 0x000000008ad00000| PB 0x000000008ad00000| Untracked 
|  96|0x000000008ae00000, 0x000000008ae00000, 0x000000008af00000|  0%| F|  |TAMS 0x000000008ae00000| PB 0x000000008ae00000| Untracked 
|  97|0x000000008af00000, 0x000000008af00000, 0x000000008b000000|  0%| F|  |TAMS 0x000000008af00000| PB 0x000000008af00000| Untracked 
|  98|0x000000008b000000, 0x000000008b000000, 0x000000008b100000|  0%| F|  |TAMS 0x000000008b000000| PB 0x000000008b000000| Untracked 
|  99|0x000000008b100000, 0x000000008b100000, 0x000000008b200000|  0%| F|  |TAMS 0x000000008b100000| PB 0x000000008b100000| Untracked 
| 100|0x000000008b200000, 0x000000008b200000, 0x000000008b300000|  0%| F|  |TAMS 0x000000008b200000| PB 0x000000008b200000| Untracked 
| 101|0x000000008b300000, 0x000000008b300000, 0x000000008b400000|  0%| F|  |TAMS 0x000000008b300000| PB 0x000000008b300000| Untracked 
| 102|0x000000008b400000, 0x000000008b400000, 0x000000008b500000|  0%| F|  |TAMS 0x000000008b400000| PB 0x000000008b400000| Untracked 
| 103|0x000000008b500000, 0x000000008b500000, 0x000000008b600000|  0%| F|  |TAMS 0x000000008b500000| PB 0x000000008b500000| Untracked 
| 104|0x000000008b600000, 0x000000008b600000, 0x000000008b700000|  0%| F|  |TAMS 0x000000008b600000| PB 0x000000008b600000| Untracked 
| 105|0x000000008b700000, 0x000000008b700000, 0x000000008b800000|  0%| F|  |TAMS 0x000000008b700000| PB 0x000000008b700000| Untracked 
| 106|0x000000008b800000, 0x000000008b800000, 0x000000008b900000|  0%| F|  |TAMS 0x000000008b800000| PB 0x000000008b800000| Untracked 
| 107|0x000000008b900000, 0x000000008b900000, 0x000000008ba00000|  0%| F|  |TAMS 0x000000008b900000| PB 0x000000008b900000| Untracked 
| 108|0x000000008ba00000, 0x000000008ba00000, 0x000000008bb00000|  0%| F|  |TAMS 0x000000008ba00000| PB 0x000000008ba00000| Untracked 
| 109|0x000000008bb00000, 0x000000008bb00000, 0x000000008bc00000|  0%| F|  |TAMS 0x000000008bb00000| PB 0x000000008bb00000| Untracked 
| 110|0x000000008bc00000, 0x000000008bc00000, 0x000000008bd00000|  0%| F|  |TAMS 0x000000008bc00000| PB 0x000000008bc00000| Untracked 
| 111|0x000000008bd00000, 0x000000008bd00000, 0x000000008be00000|  0%| F|  |TAMS 0x000000008bd00000| PB 0x000000008bd00000| Untracked 
| 112|0x000000008be00000, 0x000000008bef35e0, 0x000000008bf00000| 95%| E|  |TAMS 0x000000008be00000| PB 0x000000008be00000| Complete 
| 113|0x000000008bf00000, 0x000000008c000000, 0x000000008c000000|100%| E|CS|TAMS 0x000000008bf00000| PB 0x000000008bf00000| Complete 
| 114|0x000000008c000000, 0x000000008c100000, 0x000000008c100000|100%| E|CS|TAMS 0x000000008c000000| PB 0x000000008c000000| Complete 
| 115|0x000000008c100000, 0x000000008c200000, 0x000000008c200000|100%| E|CS|TAMS 0x000000008c100000| PB 0x000000008c100000| Complete 
| 116|0x000000008c200000, 0x000000008c300000, 0x000000008c300000|100%| E|CS|TAMS 0x000000008c200000| PB 0x000000008c200000| Complete 
| 117|0x000000008c300000, 0x000000008c400000, 0x000000008c400000|100%| E|CS|TAMS 0x000000008c300000| PB 0x000000008c300000| Complete 
| 118|0x000000008c400000, 0x000000008c500000, 0x000000008c500000|100%| E|CS|TAMS 0x000000008c400000| PB 0x000000008c400000| Complete 
| 119|0x000000008c500000, 0x000000008c600000, 0x000000008c600000|100%| E|  |TAMS 0x000000008c500000| PB 0x000000008c500000| Complete 
| 120|0x000000008c600000, 0x000000008c700000, 0x000000008c700000|100%| E|CS|TAMS 0x000000008c600000| PB 0x000000008c600000| Complete 
| 121|0x000000008c700000, 0x000000008c800000, 0x000000008c800000|100%| E|CS|TAMS 0x000000008c700000| PB 0x000000008c700000| Complete 
| 122|0x000000008c800000, 0x000000008c900000, 0x000000008c900000|100%| E|CS|TAMS 0x000000008c800000| PB 0x000000008c800000| Complete 
| 123|0x000000008c900000, 0x000000008ca00000, 0x000000008ca00000|100%| E|CS|TAMS 0x000000008c900000| PB 0x000000008c900000| Complete 

Card table byte_map: [0x00000188e6440000,0x00000188e6820000] _byte_map_base: 0x00000188e6019000

Marking Bits: (CMBitMap*) 0x00000188ce92b660
 Bits: [0x00000188e6820000, 0x00000188e86e8000)

Polling page: 0x00000188ce090000

Metaspace:

Usage:
  Non-class:      3.12 MB used.
      Class:    370.63 KB used.
       Both:      3.48 MB used.

Virtual space:
  Non-class space:       64.00 MB reserved,       3.19 MB (  5%) committed,  1 nodes.
      Class space:        1.00 GB reserved,     448.00 KB ( <1%) committed,  1 nodes.
             Both:        1.06 GB reserved,       3.62 MB ( <1%) committed. 

Chunk freelists:
   Non-Class:  10.72 MB
       Class:  15.53 MB
        Both:  26.25 MB

MaxMetaspaceSize: unlimited
CompressedClassSpaceSize: 1.00 GB
Initial GC threshold: 21.00 MB
Current GC threshold: 21.00 MB
CDS: on
 - commit_granule_bytes: 65536.
 - commit_granule_words: 8192.
 - virtual_space_node_default_size: 8388608.
 - enlarge_chunks_in_place: 1.
 - use_allocation_guard: 0.


Internal statistics:

num_allocs_failed_limit: 0.
num_arena_births: 90.
num_arena_deaths: 0.
num_vsnodes_births: 2.
num_vsnodes_deaths: 0.
num_space_committed: 58.
num_space_uncommitted: 0.
num_chunks_returned_to_freelist: 0.
num_chunks_taken_from_freelist: 202.
num_chunk_merges: 0.
num_chunk_splits: 110.
num_chunks_enlarged: 48.
num_inconsistent_stats: 0.

CodeHeap 'non-profiled nmethods': size=120000Kb used=266Kb max_used=266Kb free=119733Kb
 bounds [0x00000188de800000, 0x00000188dea70000, 0x00000188e5d30000]
CodeHeap 'profiled nmethods': size=120000Kb used=1195Kb max_used=1195Kb free=118804Kb
 bounds [0x00000188d6d30000, 0x00000188d6fa0000, 0x00000188de260000]
CodeHeap 'non-nmethods': size=5760Kb used=1482Kb max_used=1500Kb free=4277Kb
 bounds [0x00000188de260000, 0x00000188de4d0000, 0x00000188de800000]
 total_blobs=1185 nmethods=729 adapters=361
 compilation: enabled
              stopped_count=0, restarted_count=0
 full_count=0

Compilation events (20 events):
Event: 0.258 Thread 0x00000188eb130040 nmethod 715 0x00000188d6e54e90 code [0x00000188d6e55280, 0x00000188d6e57c90]
Event: 0.258 Thread 0x00000188eb130040  716       3       org.springframework.util.StringUtils::hasLength (17 bytes)
Event: 0.258 Thread 0x00000188eb130040 nmethod 716 0x00000188d6e58990 code [0x00000188d6e58b40, 0x00000188d6e58d80]
Event: 0.258 Thread 0x00000188eb130040  717       3       java.lang.CharacterDataLatin1::getProperties (11 bytes)
Event: 0.258 Thread 0x00000188eb130040 nmethod 717 0x00000188d6e58e90 code [0x00000188d6e59040, 0x00000188d6e59188]
Event: 0.259 Thread 0x00000188eb130040  718       3       java.lang.invoke.MethodHandle::<init> (37 bytes)
Event: 0.259 Thread 0x00000188eb130040 nmethod 718 0x00000188d6e59290 code [0x00000188d6e594a0, 0x00000188d6e59a20]
Event: 0.259 Thread 0x00000188eb130040  719       3       java.lang.invoke.LambdaForm::prepare (108 bytes)
Event: 0.259 Thread 0x00000188eb130040 nmethod 719 0x00000188d6e59c90 code [0x00000188d6e59ee0, 0x00000188d6e5a6d0]
Event: 0.261 Thread 0x00000188eb130040  721       3       java.util.ImmutableCollections$AbstractImmutableCollection::<init> (5 bytes)
Event: 0.261 Thread 0x00000188eb130040 nmethod 721 0x00000188d6e5a990 code [0x00000188d6e5ab40, 0x00000188d6e5ad08]
Event: 0.264 Thread 0x00000188eb12bed0 nmethod 691 0x00000188de83b710 code [0x00000188de83b8c0, 0x00000188de83bea0]
Event: 0.264 Thread 0x00000188eb12bed0  696       4       java.lang.invoke.MethodType::parameterType (7 bytes)
Event: 0.264 Thread 0x00000188eb130040  723       3       java.net.URLStreamHandler::parseURL (1124 bytes)
Event: 0.264 Thread 0x00000188eb12bed0 nmethod 696 0x00000188de83c190 code [0x00000188de83c320, 0x00000188de83c3f0]
Event: 0.264 Thread 0x00000188eb12bed0  722       4       java.lang.String::getBytes (44 bytes)
Event: 0.265 Thread 0x00000188eb12bed0 nmethod 722 0x00000188de83c490 code [0x00000188de83c620, 0x00000188de83c7b0]
Event: 0.265 Thread 0x00000188eb12bed0  695       4       java.util.zip.ZipCoder::hash (36 bytes)
Event: 0.267 Thread 0x00000188eb12bed0 nmethod 695 0x00000188de83cc10 code [0x00000188de83cdc0, 0x00000188de83cff8]
Event: 0.267 Thread 0x00000188eb12bed0  726       4       java.lang.StringBuilder::append (8 bytes)

GC Heap History (0 events):
No events

Dll operation events (6 events):
Event: 0.006 Loaded shared library C:\Program Files\Java\jdk-21\bin\java.dll
Event: 0.033 Loaded shared library C:\Program Files\Java\jdk-21\bin\jsvml.dll
Event: 0.073 Loaded shared library C:\Program Files\Java\jdk-21\bin\net.dll
Event: 0.074 Loaded shared library C:\Program Files\Java\jdk-21\bin\nio.dll
Event: 0.077 Loaded shared library C:\Program Files\Java\jdk-21\bin\zip.dll
Event: 0.144 Loaded shared library C:\Program Files\Java\jdk-21\bin\jimage.dll

Deoptimization events (20 events):
Event: 0.113 Thread 0x00000188cc6fc370 DEOPT PACKING pc=0x00000188d6d38b58 sp=0x000000759fbfad00
Event: 0.113 Thread 0x00000188cc6fc370 DEOPT UNPACKING pc=0x00000188de2b88e2 sp=0x000000759fbfa168 mode 0
Event: 0.135 Thread 0x00000188cc6fc370 Uncommon trap: trap_request=0xffffff45 fr.pc=0x00000188de810974 relative=0x00000000000002b4
Event: 0.135 Thread 0x00000188cc6fc370 Uncommon trap: reason=unstable_if action=reinterpret pc=0x00000188de810974 method=java.lang.StringLatin1.hashCode([B)I @ 2 c2
Event: 0.135 Thread 0x00000188cc6fc370 DEOPT PACKING pc=0x00000188de810974 sp=0x000000759fbfc2f0
Event: 0.135 Thread 0x00000188cc6fc370 DEOPT UNPACKING pc=0x00000188de2b7da2 sp=0x000000759fbfc228 mode 2
Event: 0.149 Thread 0x00000188cc6fc370 Uncommon trap: trap_request=0xffffff45 fr.pc=0x00000188de80c990 relative=0x0000000000000070
Event: 0.149 Thread 0x00000188cc6fc370 Uncommon trap: reason=unstable_if action=reinterpret pc=0x00000188de80c990 method=java.io.WinNTFileSystem.isSlash(C)Z @ 9 c2
Event: 0.149 Thread 0x00000188cc6fc370 DEOPT PACKING pc=0x00000188de80c990 sp=0x000000759fbfdf20
Event: 0.149 Thread 0x00000188cc6fc370 DEOPT UNPACKING pc=0x00000188de2b7da2 sp=0x000000759fbfdea8 mode 2
Event: 0.151 Thread 0x00000188cc6fc370 DEOPT PACKING pc=0x00000188d6d89070 sp=0x000000759fbfcfe0
Event: 0.151 Thread 0x00000188cc6fc370 DEOPT UNPACKING pc=0x00000188de2b88e2 sp=0x000000759fbfc590 mode 0
Event: 0.175 Thread 0x00000188cc6fc370 Uncommon trap: trap_request=0xffffff6e fr.pc=0x00000188de81907c relative=0x000000000000015c
Event: 0.175 Thread 0x00000188cc6fc370 Uncommon trap: reason=loop_limit_check action=maybe_recompile pc=0x00000188de81907c method=java.lang.StringLatin1.lastIndexOf([BII)I @ 19 c2
Event: 0.175 Thread 0x00000188cc6fc370 DEOPT PACKING pc=0x00000188de81907c sp=0x000000759fbfce90
Event: 0.175 Thread 0x00000188cc6fc370 DEOPT UNPACKING pc=0x00000188de2b7da2 sp=0x000000759fbfce10 mode 2
Event: 0.203 Thread 0x00000188cc6fc370 Uncommon trap: trap_request=0xffffff6e fr.pc=0x00000188de823c74 relative=0x0000000000000434
Event: 0.203 Thread 0x00000188cc6fc370 Uncommon trap: reason=loop_limit_check action=maybe_recompile pc=0x00000188de823c74 method=java.lang.StringLatin1.indexOf([BI[BII)I @ 37 c2
Event: 0.203 Thread 0x00000188cc6fc370 DEOPT PACKING pc=0x00000188de823c74 sp=0x000000759fbfdfc0
Event: 0.203 Thread 0x00000188cc6fc370 DEOPT UNPACKING pc=0x00000188de2b7da2 sp=0x000000759fbfdf20 mode 2

Classes loaded (20 events):
Event: 0.259 Loading class java/util/stream/DistinctOps$1
Event: 0.259 Loading class java/util/stream/ReferencePipeline$StatefulOp
Event: 0.259 Loading class java/util/stream/ReferencePipeline$StatefulOp done
Event: 0.259 Loading class java/util/stream/DistinctOps$1 done
Event: 0.259 Loading class java/util/ImmutableCollections$Access
Event: 0.259 Loading class java/util/ImmutableCollections$Access done
Event: 0.259 Loading class java/util/ImmutableCollections$Access$1
Event: 0.259 Loading class jdk/internal/access/JavaUtilCollectionAccess
Event: 0.259 Loading class jdk/internal/access/JavaUtilCollectionAccess done
Event: 0.259 Loading class java/util/ImmutableCollections$Access$1 done
Event: 0.260 Loading class java/util/stream/Nodes$SpinedNodeBuilder
Event: 0.260 Loading class java/util/stream/SpinedBuffer
Event: 0.260 Loading class java/util/stream/AbstractSpinedBuffer
Event: 0.260 Loading class java/util/stream/AbstractSpinedBuffer done
Event: 0.260 Loading class java/util/stream/SpinedBuffer done
Event: 0.260 Loading class java/util/stream/Nodes$SpinedNodeBuilder done
Event: 0.260 Loading class java/util/stream/DistinctOps$1$2
Event: 0.260 Loading class java/util/stream/DistinctOps$1$2 done
Event: 0.266 Loading class java/lang/reflect/UndeclaredThrowableException
Event: 0.266 Loading class java/lang/reflect/UndeclaredThrowableException done

Classes unloaded (0 events):
No events

Classes redefined (0 events):
No events

Internal exceptions (6 events):
Event: 0.179 Thread 0x00000188cc6fc370 Exception <a 'java/lang/ClassNotFoundException'{0x000000008c269fb8}: javax/smartcardio/CardPermission> (0x000000008c269fb8) 
thrown [s\open\src\hotspot\share\classfile\systemDictionary.cpp, line 312]
Event: 0.181 Thread 0x00000188cc6fc370 Exception <a 'java/io/FileNotFoundException'{0x000000008c2ee658}> (0x000000008c2ee658) 
thrown [s\open\src\hotspot\share\prims\jni.cpp, line 520]
Event: 0.198 Thread 0x00000188cc6fc370 Exception <a 'java/lang/NoSuchMethodError'{0x000000008c177c50}: 'java.lang.Object java.lang.invoke.DirectMethodHandle$Holder.invokeSpecial(java.lang.Object, java.lang.Object, java.lang.Object, long, java.lang.Object)'> (0x000000008c177c50) 
thrown [s\open\src\hotspot\share\interpreter\linkResolver.cpp, line 773]
Event: 0.198 Thread 0x00000188cc6fc370 Exception <a 'java/lang/NoSuchMethodError'{0x000000008c17b5a0}: 'java.lang.Object java.lang.invoke.Invokers$Holder.linkToTargetMethod(java.lang.Object, long, java.lang.Object, java.lang.Object)'> (0x000000008c17b5a0) 
thrown [s\open\src\hotspot\share\interpreter\linkResolver.cpp, line 773]
Event: 0.241 Thread 0x00000188cc6fc370 Exception <a 'java/lang/NoSuchMethodError'{0x000000008bf2f4b8}: 'void java.lang.invoke.DirectMethodHandle$Holder.invokeStatic(java.lang.Object, java.lang.Object, java.lang.Object, java.lang.Object)'> (0x000000008bf2f4b8) 
thrown [s\open\src\hotspot\share\interpreter\linkResolver.cpp, line 773]
Event: 0.266 Thread 0x00000188cc6fc370 Exception <a 'java/lang/NoSuchMethodError'{0x000000008be2adc0}: 'int java.lang.invoke.DirectMethodHandle$Holder.invokeStaticInit(java.lang.Object, java.lang.Object)'> (0x000000008be2adc0) 
thrown [s\open\src\hotspot\share\interpreter\linkResolver.cpp, line 773]

ZGC Phase Switch (0 events):
No events

VM Operations (4 events):
Event: 0.080 Executing VM operation: HandshakeAllThreads (Deoptimize)
Event: 0.080 Executing VM operation: HandshakeAllThreads (Deoptimize) done
Event: 0.149 Executing VM operation: HandshakeAllThreads (Deoptimize)
Event: 0.149 Executing VM operation: HandshakeAllThreads (Deoptimize) done

Events (11 events):
Event: 0.021 Thread 0x00000188cc6fc370 Thread added: 0x00000188cc6fc370
Event: 0.031 Thread 0x00000188eb117990 Thread added: 0x00000188eb117990
Event: 0.031 Thread 0x00000188eb1186b0 Thread added: 0x00000188eb1186b0
Event: 0.031 Thread 0x00000188eb11b6a0 Thread added: 0x00000188eb11b6a0
Event: 0.031 Thread 0x00000188eb11c230 Thread added: 0x00000188eb11c230
Event: 0.031 Thread 0x00000188eb11eb00 Thread added: 0x00000188eb11eb00
Event: 0.031 Thread 0x00000188eb11f2a0 Thread added: 0x00000188eb11f2a0
Event: 0.031 Thread 0x00000188eb12bed0 Thread added: 0x00000188eb12bed0
Event: 0.032 Thread 0x00000188eb130040 Thread added: 0x00000188eb130040
Event: 0.065 Thread 0x00000188eb42fe60 Thread added: 0x00000188eb42fe60
Event: 0.067 Thread 0x00000188eb4360b0 Thread added: 0x00000188eb4360b0


Dynamic libraries:
0x00007ff671c80000 - 0x00007ff671c90000 	C:\Program Files\Java\jdk-21\bin\java.exe
0x00007fffe5b30000 - 0x00007fffe5d46000 	C:\WINDOWS\SYSTEM32\ntdll.dll
0x00007fffe5490000 - 0x00007fffe5554000 	C:\WINDOWS\System32\KERNEL32.DLL
0x00007fffe2fe0000 - 0x00007fffe3387000 	C:\WINDOWS\System32\KERNELBASE.dll
0x00007fffe3690000 - 0x00007fffe37a1000 	C:\WINDOWS\System32\ucrtbase.dll
0x00007fffde1b0000 - 0x00007fffde1cb000 	C:\Program Files\Java\jdk-21\bin\VCRUNTIME140.dll
0x00007fffd3d60000 - 0x00007fffd3d79000 	C:\Program Files\Java\jdk-21\bin\jli.dll
0x00007fffe5930000 - 0x00007fffe59e2000 	C:\WINDOWS\System32\ADVAPI32.dll
0x00007fffe53e0000 - 0x00007fffe5487000 	C:\WINDOWS\System32\msvcrt.dll
0x00007fffe5740000 - 0x00007fffe57e8000 	C:\WINDOWS\System32\sechost.dll
0x00007fffe3830000 - 0x00007fffe3858000 	C:\WINDOWS\System32\bcrypt.dll
0x00007fffe3b20000 - 0x00007fffe3c35000 	C:\WINDOWS\System32\RPCRT4.dll
0x00007fffe3c40000 - 0x00007fffe3dee000 	C:\WINDOWS\System32\USER32.dll
0x00007fffe3390000 - 0x00007fffe33b6000 	C:\WINDOWS\System32\win32u.dll
0x00007fffc4f40000 - 0x00007fffc51d3000 	C:\WINDOWS\WinSxS\amd64_microsoft.windows.common-controls_6595b64144ccf1df_6.0.22621.3235_none_270f74e173860f98\COMCTL32.dll
0x00007fffe5a70000 - 0x00007fffe5a99000 	C:\WINDOWS\System32\GDI32.dll
0x00007fffe2e50000 - 0x00007fffe2f69000 	C:\WINDOWS\System32\gdi32full.dll
0x00007fffe35f0000 - 0x00007fffe368a000 	C:\WINDOWS\System32\msvcp_win.dll
0x00007fffd5f30000 - 0x00007fffd5f3a000 	C:\WINDOWS\SYSTEM32\VERSION.dll
0x00007fffe57f0000 - 0x00007fffe5821000 	C:\WINDOWS\System32\IMM32.DLL
0x00007fffde1a0000 - 0x00007fffde1ac000 	C:\Program Files\Java\jdk-21\bin\vcruntime140_1.dll
0x00007fffc77d0000 - 0x00007fffc785e000 	C:\Program Files\Java\jdk-21\bin\msvcp140.dll
0x00007fff9f0a0000 - 0x00007fff9fdb7000 	C:\Program Files\Java\jdk-21\bin\server\jvm.dll
0x00007fffe4270000 - 0x00007fffe42e1000 	C:\WINDOWS\System32\WS2_32.dll
0x00007fffe1cf0000 - 0x00007fffe1d3d000 	C:\WINDOWS\SYSTEM32\POWRPROF.dll
0x00007fffd6480000 - 0x00007fffd64b4000 	C:\WINDOWS\SYSTEM32\WINMM.dll
0x00007fffe1cd0000 - 0x00007fffe1ce3000 	C:\WINDOWS\SYSTEM32\UMPDC.dll
0x00007fffe1f80000 - 0x00007fffe1f98000 	C:\WINDOWS\SYSTEM32\kernel.appcore.dll
0x00007fffde120000 - 0x00007fffde12a000 	C:\Program Files\Java\jdk-21\bin\jimage.dll
0x00007fffdd630000 - 0x00007fffdd863000 	C:\WINDOWS\SYSTEM32\DBGHELP.DLL
0x00007fffe4430000 - 0x00007fffe47b8000 	C:\WINDOWS\System32\combase.dll
0x00007fffe3860000 - 0x00007fffe3937000 	C:\WINDOWS\System32\OLEAUT32.dll
0x00007fffb6630000 - 0x00007fffb6662000 	C:\WINDOWS\SYSTEM32\dbgcore.DLL
0x00007fffe37b0000 - 0x00007fffe3829000 	C:\WINDOWS\System32\bcryptPrimitives.dll
0x00007fffcdb30000 - 0x00007fffcdb4f000 	C:\Program Files\Java\jdk-21\bin\java.dll
0x00007fffe47d0000 - 0x00007fffe502c000 	C:\WINDOWS\System32\SHELL32.dll
0x00007fffe0db0000 - 0x00007fffe16a9000 	C:\WINDOWS\SYSTEM32\windows.storage.dll
0x00007fffe0c70000 - 0x00007fffe0dae000 	C:\WINDOWS\SYSTEM32\wintypes.dll
0x00007fffe5640000 - 0x00007fffe5733000 	C:\WINDOWS\System32\SHCORE.dll
0x00007fffe5a10000 - 0x00007fffe5a6e000 	C:\WINDOWS\System32\shlwapi.dll
0x00007fffe2d80000 - 0x00007fffe2da1000 	C:\WINDOWS\SYSTEM32\profapi.dll
0x00007fffc6380000 - 0x00007fffc6457000 	C:\Program Files\Java\jdk-21\bin\jsvml.dll
0x00007fffddf30000 - 0x00007fffddf40000 	C:\Program Files\Java\jdk-21\bin\net.dll
0x00007fffdd3d0000 - 0x00007fffdd506000 	C:\WINDOWS\SYSTEM32\WINHTTP.dll
0x00007fffe23f0000 - 0x00007fffe2459000 	C:\WINDOWS\system32\mswsock.dll
0x00007fffcbc50000 - 0x00007fffcbc66000 	C:\Program Files\Java\jdk-21\bin\nio.dll
0x00007fffca830000 - 0x00007fffca848000 	C:\Program Files\Java\jdk-21\bin\zip.dll

dbghelp: loaded successfully - version: 4.0.5 - missing functions: none
symbol engine: initialized successfully - sym options: 0x614 - pdb path: .;C:\Program Files\Java\jdk-21\bin;C:\WINDOWS\SYSTEM32;C:\WINDOWS\WinSxS\amd64_microsoft.windows.common-controls_6595b64144ccf1df_6.0.22621.3235_none_270f74e173860f98;C:\Program Files\Java\jdk-21\bin\server

VM Arguments:
java_command: org.LapTrinhTienTien.SpringBootRestApplication
java_class_path (initial): D:\HK2Nam3\ProjectLTTT\Java_CHTienLoi\target\classes;C:\Users\phata\.m2\repository\com\mysql\mysql-connector-j\8.0.33\mysql-connector-j-8.0.33.jar;C:\Users\phata\.m2\repository\com\google\protobuf\protobuf-java\3.21.9\protobuf-java-3.21.9.jar;C:\Users\phata\.m2\repository\org\springframework\boot\spring-boot-starter-data-jpa\3.2.4\spring-boot-starter-data-jpa-3.2.4.jar;C:\Users\phata\.m2\repository\org\springframework\boot\spring-boot-starter-aop\3.2.4\spring-boot-starter-aop-3.2.4.jar;C:\Users\phata\.m2\repository\org\springframework\boot\spring-boot-starter\3.2.4\spring-boot-starter-3.2.4.jar;C:\Users\phata\.m2\repository\org\springframework\boot\spring-boot\3.2.4\spring-boot-3.2.4.jar;C:\Users\phata\.m2\repository\org\springframework\boot\spring-boot-autoconfigure\3.2.4\spring-boot-autoconfigure-3.2.4.jar;C:\Users\phata\.m2\repository\org\springframework\boot\spring-boot-starter-logging\3.2.4\spring-boot-starter-logging-3.2.4.jar;C:\Users\phata\.m2\repository\ch\qos\logback\logback-classic\1.4.14\logback-classic-1.4.14.jar;C:\Users\phata\.m2\repository\ch\qos\logback\logback-core\1.4.14\logback-core-1.4.14.jar;C:\Users\phata\.m2\repository\org\apache\logging\log4j\log4j-to-slf4j\2.21.1\log4j-to-slf4j-2.21.1.jar;C:\Users\phata\.m2\repository\org\slf4j\jul-to-slf4j\2.0.12\jul-to-slf4j-2.0.12.jar;C:\Users\phata\.m2\repository\org\yaml\snakeyaml\2.2\snakeyaml-2.2.jar;C:\Users\phata\.m2\repository\org\springframework\spring-aop\6.1.5\spring-aop-6.1.5.jar;C:\Users\phata\.m2\repository\org\aspectj\aspectjweaver\1.9.21\aspectjweaver-1.9.21.jar;C:\Users\phata\.m2\repository\org\springframework\boot\spring-boot-starter-jdbc\3.2.4\spring-boot-starter-jdbc-3.2.4.jar;C:\Users\phata\.m2\repository\com\zaxxer\HikariCP\5.0.1\HikariCP-5.0.1.jar;C:\Users\phata\.m2\repository\org\springframework\spring-jdbc\6.1.5\spring-jdbc-6.1.5.jar;C:\Users\phata\.m2\repository\org\hibernate\orm\hibernate-core\6.4.4.Final\hibernate-core-6.4.4.Final.jar;C:\Users\phata\.m2\repository\jakarta\persistence\jakarta.persistence-api\3.1.0\jakarta.persistence-api-3.1.0.jar;C:\Users\phata\.m2\repository\jakarta\transaction\jakarta.transaction-api\2.0.1\jakarta.transaction-api-2.0.1.jar;C:\Users\phata\.m2\repository\org\jboss\logging\jboss-logging\3.5.0.Final\jboss-logging-3.5.0.Final.jar;C:\Users\phata\.m2\repository\org\hibernate\common\hibernate-commons-annotations\6.0.6.Final\hibernate-commons-annotations-6.0.6.Final.jar;C:\Users\phata\.m2\repository\io\smallrye\jandex\3.1.2\jandex-3.1.2.jar;C:\Users\phata\.m2\repository\com\fasterxml\classmate\1.5.1\classmate-1.5.1.jar;C:\Users\phata\.m2\repository\net\bytebuddy\byte-buddy\1.14.11\byte-buddy-1.14.11.jar;C:\Users\phata\.m2\repository\jakarta\xml\bind\jakarta.xml.bind-api\4.0.0\jakarta.xml.bind-api-4.0.0.jar;C:\Users\phata\.m2\repository\jakarta\activation\jakarta.activation-api\2.1.0\jakarta.activation-api-2.1.0.jar;C:\Users\phata\.m2\repository\org\glassfish\jaxb\jaxb-runtime\4.0.2\jaxb-runtime-4.0.2.jar;C:\Users\phata\.m2\repository\org\glassfish\jaxb\jaxb-core\4.0.2\jaxb-core-4.0.2.jar;C:\Users\phata\.m2\repository\org\eclipse\angus\angus-activation\2.0.0\angus-activation-2.0.0.jar;C:\Users\phata\.m2\repository\org\glassfish\jaxb\txw2\4.0.2\txw2-4.0.2.jar;C:\Users\phata\.m2\repository\com\sun\istack\istack-commons-runtime\4.1.1\istack-commons-runtime-4.1.1.jar;C:\Users\phata\.m2\repository\jakarta\inject\jakarta.inject-api\2.0.1\jakarta.inject-api-2.0.1.jar;C:\Users\phata\.m2\repository\org\antlr\antlr4-runtime\4.13.0\antlr4-runtime-4.13.0.jar;C:\Users\phata\.m2\repository\org\springframework\data\spring-data-jpa\3.2.4\spring-data-jpa-3.2.4.jar;C:\Users\phata\.m2\repository\org\springframework\data\spring-data-commons\3.2.4\spring-data-commons-3.2.4.jar;C:\Users\phata\.m2\repository\org\springframework\spring-orm\6.1.5\spring-orm-6.1.5.jar;C:\Users\phata\.m2\repository\org\springframework\spring-context\6.1.5\spring-context-6.1.5.jar;C:\Users\phata\.m2\repository\org\springframework\spring-expression\6.1.5\spring-expression-6.1.5.jar;C:\Users\phata\.m2\repository\io\micrometer\micrometer-observation\1.12.4\micrometer-observation-1.12.4.jar;C:\Users\phata\.m2\repository\io\micrometer\micrometer-commons\1.12.4\micrometer-commons-1.12.4.jar;C:\Users\phata\.m2\repository\org\springframework\spring-tx\6.1.5\spring-tx-6.1.5.jar;C:\Users\phata\.m2\repository\org\springframework\spring-beans\6.1.5\spring-beans-6.1.5.jar;C:\Users\phata\.m2\repository\org\springframework\spring-core\6.1.5\spring-core-6.1.5.jar;C:\Users\phata\.m2\repository\org\springframework\spring-jcl\6.1.5\spring-jcl-6.1.5.jar;C:\Users\phata\.m2\repository\jakarta\annotation\jakarta.annotation-api\2.0.0\jakarta.annotation-api-2.0.0.jar;C:\Users\phata\.m2\repository\org\slf4j\slf4j-api\2.0.2\slf4j-api-2.0.2.jar;C:\Users\phata\.m2\repository\org\springframework\spring-aspects\6.1.5\spring-aspects-6.1.5.jar;C:\Users\phata\.m2\repository\com\github\javafaker\javafaker\1.0.2\javafaker-1.0.2.jar;C:\Users\phata\.m2\repository\org\apache\commons\commons-lang3\3.5\commons-lang3-3.5.jar;C:\Users\phata\.m2\repository\org\yaml\snakeyaml\1.23\snakeyaml-1.23-android.jar;C:\Users\phata\.m2\repository\com\github\mifmif\generex\1.0.2\generex-1.0.2.jar;C:\Users\phata\.m2\repository\dk\brics\automaton\automaton\1.11-8\automaton-1.11-8.jar;C:\Users\phata\.m2\repository\com\toedter\jcalendar\1.2.2\jcalendar-1.2.2.jar;C:\Users\phata\.m2\repository\com\miglayout\miglayout-swing\4.1\miglayout-swing-4.1.jar;C:\Users\phata\.m2\repository\com\miglayout\miglayout-core\4.1\miglayout-core-4.1.jar;C:\Users\phata\.m2\repository\org\apache\poi\poi\5.2.3\poi-5.2.3.jar;C:\Users\phata\.m2\repository\commons-codec\commons-codec\1.15\commons-codec-1.15.jar;C:\Users\phata\.m2\repository\org\apache\commons\commons-collections4\4.4\commons-collections4-4.4.jar;C:\Users\phata\.m2\repository\org\apache\commons\commons-math3\3.6.1\commons-math3-3.6.1.jar;C:\Users\phata\.m2\repository\commons-io\commons-io\2.11.0\commons-io-2.11.0.jar;C:\Users\phata\.m2\repository\com\zaxxer\SparseBitSet\1.2\SparseBitSet-1.2.jar;C:\Users\phata\.m2\repository\org\apache\logging\log4j\log4j-api\2.18.0\log4j-api-2.18.0.jar
Launcher Type: SUN_STANDARD

[Global flags]
     intx CICompilerCount                          = 4                                         {product} {ergonomic}
     uint ConcGCThreads                            = 2                                         {product} {ergonomic}
     uint G1ConcRefinementThreads                  = 8                                         {product} {ergonomic}
   size_t G1HeapRegionSize                         = 1048576                                   {product} {ergonomic}
    uintx GCDrainStackTargetSize                   = 64                                        {product} {ergonomic}
   size_t InitialHeapSize                          = 130023424                                 {product} {ergonomic}
   size_t MarkStackSize                            = 4194304                                   {product} {ergonomic}
   size_t MaxHeapSize                              = 2065694720                                {product} {ergonomic}
   size_t MaxNewSize                               = 1239416832                                {product} {ergonomic}
   size_t MinHeapDeltaBytes                        = 1048576                                   {product} {ergonomic}
   size_t MinHeapSize                              = 8388608                                   {product} {ergonomic}
    uintx NonNMethodCodeHeapSize                   = 5839372                                {pd product} {ergonomic}
    uintx NonProfiledCodeHeapSize                  = 122909434                              {pd product} {ergonomic}
    uintx ProfiledCodeHeapSize                     = 122909434                              {pd product} {ergonomic}
    uintx ReservedCodeCacheSize                    = 251658240                              {pd product} {ergonomic}
     bool SegmentedCodeCache                       = true                                      {product} {ergonomic}
   size_t SoftMaxHeapSize                          = 2065694720                             {manageable} {ergonomic}
     bool UseCompressedOops                        = true                           {product lp64_product} {ergonomic}
     bool UseG1GC                                  = true                                      {product} {ergonomic}
     bool UseLargePagesIndividualAllocation        = false                                  {pd product} {ergonomic}

Logging:
Log output configuration:
 #0: stdout all=warning uptime,level,tags foldmultilines=false
 #1: stderr all=off uptime,level,tags foldmultilines=false

Environment Variables:
JAVA_HOME=C:\Program Files\Java\jdk-21
PATH=D:\VMWare\bin\;C:\Program Files\Common Files\Oracle\Java\javapath;C:\WINDOWS\system32;C:\WINDOWS;C:\WINDOWS\System32\Wbem;C:\WINDOWS\System32\WindowsPowerShell\v1.0\;C:\WINDOWS\System32\OpenSSH\;C:\Program Files\Bandizip\;C:\Program Files (x86)\Microsoft SQL Server\160\Tools\Binn\;C:\Program Files\Microsoft SQL Server\160\Tools\Binn\;C:\Program Files\Microsoft SQL Server\Client SDK\ODBC\170\Tools\Binn\;C:\Program Files\Microsoft SQL Server\160\DTS\Binn\;C:\Program Files (x86)\Microsoft SQL Server\160\DTS\Binn\;C:\Program Files\Azure Data Studio\bin;C:\Program Files\dotnet\;C:\Program Files\Microsoft SQL Server\150\Tools\Binn\;C:\Program Files\Amazon\AWSCLIV2\;D:\Git\cmd;C:\Program Files\Java\jdk-1.8;C:\Program Files\nodejs\;C:\Users\phata\AppData\Local\Programs\Python\Python311\Scripts\;C:\Users\phata\AppData\Local\Programs\Python\Python311\;C:\Users\phata\AppData\Local\Microsoft\WindowsApps;C:\Users\phata\AppData\Local\Programs\Microsoft VS Code\bin;C:\Program Files\Azure Data Studio\bin;C:\Users\phata\.dotnet\tools;C:\ProgramData\phata\GitHubDesktop\bin;C:\Users\phata\AppData\Roaming\npm
USERNAME=phata
OS=Windows_NT
PROCESSOR_IDENTIFIER=Intel64 Family 6 Model 140 Stepping 1, GenuineIntel
TMP=C:\Users\phata\AppData\Local\Temp
TEMP=C:\Users\phata\AppData\Local\Temp




Periodic native trim disabled

---------------  S Y S T E M  ---------------

OS:
 Windows 11 , 64 bit Build 22621 (10.0.22621.3374)
OS uptime: 0 days 20:28 hours

CPU: total 8 (initial active 8) (4 cores per cpu, 2 threads per core) family 6 model 140 stepping 1 microcode 0x86, cx8, cmov, fxsr, ht, mmx, 3dnowpref, sse, sse2, sse3, ssse3, sse4.1, sse4.2, popcnt, lzcnt, tsc, tscinvbit, avx, avx2, aes, erms, clmul, bmi1, bmi2, adx, avx512f, avx512dq, avx512cd, avx512bw, avx512vl, sha, fma, vzeroupper, avx512_vpopcntdq, avx512_vpclmulqdq, avx512_vaes, avx512_vnni, clflush, clflushopt, clwb, avx512_vbmi2, avx512_vbmi, rdtscp, rdpid, fsrm, gfni, avx512_bitalg, f16c, pku, cet_ibt, cet_ss, avx512_ifma
Processor Information for all 8 processors :
  Max Mhz: 2419, Current Mhz: 2419, Mhz Limit: 2419

Memory: 4k page, system-wide physical 7874M (244M free)
TotalPageFile size 19380M (AvailPageFile size 1M)
current process WorkingSet (physical memory assigned to process): 61M, peak: 61M
current process commit charge ("private bytes"): 217M, peak: 217M

vm_info: Java HotSpot(TM) 64-Bit Server VM (21.0.2+13-LTS-58) for windows-amd64 JRE (21.0.2+13-LTS-58), built on 2024-01-05T18:32:24Z by "mach5one" with MS VC++ 17.1 (VS2022)

END.
